2023-04-09 09:35:42.345  WARN 22588 --- [HikariPool-11 housekeeper] com.zaxxer.hikari.pool.HikariPool        : HikariPool-11 - Thread starvation or clock leap detected (housekeeper delta=10h21m43s302ms716µs100ns).
2023-04-09 18:27:35.382  WARN 22588 --- [HikariPool-11 housekeeper] com.zaxxer.hikari.pool.HikariPool        : HikariPool-11 - Thread starvation or clock leap detected (housekeeper delta=6h4m23s163ms603µs600ns).
2023-04-09 18:36:26.679  INFO 22588 --- [File Watcher] rtingClassPathChangeChangedEventListener : Restarting due to 14 class path changes (0 additions, 0 deletions, 14 modifications)
2023-04-09 18:36:26.947  INFO 22588 --- [Thread-45] o.apache.catalina.core.StandardService   : Stopping service [Tomcat]
2023-04-09 18:36:26.964  INFO 22588 --- [Thread-45] o.a.c.c.C.[Tomcat].[localhost].[/]       : Destroying Spring FrameworkServlet 'dispatcherServlet'
2023-04-09 18:36:27.051  INFO 22588 --- [Thread-45] j.LocalContainerEntityManagerFactoryBean : Closing JPA EntityManagerFactory for persistence unit 'default'
2023-04-09 18:36:27.079  INFO 22588 --- [Thread-45] com.zaxxer.hikari.HikariDataSource       : HikariPool-11 - Shutdown initiated...
2023-04-09 18:36:27.090  INFO 22588 --- [Thread-45] com.zaxxer.hikari.HikariDataSource       : HikariPool-11 - Shutdown completed.
2023-04-09 18:36:27.694  INFO 22588 --- [restartedMain] com.blog.BlogApplication                 : Starting BlogApplication using Java 1.8.0_241 on LAPTOP-DOIHP4O0 with PID 22588 (C:\Users\Admin\Documents\workspace-spring-tool-suite-4-4.17.2.RELEASE\BlogApplication\target\classes started by Admin in C:\Users\Admin\Documents\workspace-spring-tool-suite-4-4.17.2.RELEASE\BlogApplication)
2023-04-09 18:36:27.694  INFO 22588 --- [restartedMain] com.blog.BlogApplication                 : No active profile set, falling back to 1 default profile: "default"
2023-04-09 18:36:27.887  INFO 22588 --- [restartedMain] .s.d.r.c.RepositoryConfigurationDelegate : Bootstrapping Spring Data JPA repositories in DEFAULT mode.
2023-04-09 18:36:27.899  INFO 22588 --- [restartedMain] .s.d.r.c.RepositoryConfigurationDelegate : Finished Spring Data repository scanning in 12 ms. Found 1 JPA repository interfaces.
2023-04-09 18:36:28.062  INFO 22588 --- [restartedMain] o.s.b.w.embedded.tomcat.TomcatWebServer  : Tomcat initialized with port(s): 9090 (http)
2023-04-09 18:36:28.062  INFO 22588 --- [restartedMain] o.apache.catalina.core.StandardService   : Starting service [Tomcat]
2023-04-09 18:36:28.062  INFO 22588 --- [restartedMain] org.apache.catalina.core.StandardEngine  : Starting Servlet engine: [Apache Tomcat/9.0.73]
2023-04-09 18:36:28.079  INFO 22588 --- [restartedMain] o.a.c.c.C.[Tomcat].[localhost].[/]       : Initializing Spring embedded WebApplicationContext
2023-04-09 18:36:28.079  INFO 22588 --- [restartedMain] w.s.c.ServletWebServerApplicationContext : Root WebApplicationContext: initialization completed in 380 ms
2023-04-09 18:36:28.125  INFO 22588 --- [restartedMain] o.hibernate.jpa.internal.util.LogHelper  : HHH000204: Processing PersistenceUnitInfo [name: default]
2023-04-09 18:36:28.132  INFO 22588 --- [restartedMain] com.zaxxer.hikari.HikariDataSource       : HikariPool-12 - Starting...
2023-04-09 18:36:28.146  INFO 22588 --- [restartedMain] com.zaxxer.hikari.HikariDataSource       : HikariPool-12 - Start completed.
2023-04-09 18:36:28.147  INFO 22588 --- [restartedMain] org.hibernate.dialect.Dialect            : HHH000400: Using dialect: org.hibernate.dialect.MySQL8Dialect
2023-04-09 18:36:28.199  INFO 22588 --- [restartedMain] o.h.e.t.j.p.i.JtaPlatformInitiator       : HHH000490: Using JtaPlatform implementation: [org.hibernate.engine.transaction.jta.platform.internal.NoJtaPlatform]
2023-04-09 18:36:28.199  INFO 22588 --- [restartedMain] j.LocalContainerEntityManagerFactoryBean : Initialized JPA EntityManagerFactory for persistence unit 'default'
2023-04-09 18:36:28.338  WARN 22588 --- [restartedMain] JpaBaseConfiguration$JpaWebConfiguration : spring.jpa.open-in-view is enabled by default. Therefore, database queries may be performed during view rendering. Explicitly configure spring.jpa.open-in-view to disable this warning
2023-04-09 18:36:28.519  INFO 22588 --- [restartedMain] o.s.b.d.a.OptionalLiveReloadServer       : LiveReload server is running on port 35729
2023-04-09 18:36:28.533  INFO 22588 --- [restartedMain] o.s.b.w.embedded.tomcat.TomcatWebServer  : Tomcat started on port(s): 9090 (http) with context path ''
2023-04-09 18:36:28.537  INFO 22588 --- [restartedMain] com.blog.BlogApplication                 : Started BlogApplication in 0.883 seconds (JVM running for 164389.867)
2023-04-09 18:36:28.538  INFO 22588 --- [restartedMain] .ConditionEvaluationDeltaLoggingListener : Condition evaluation unchanged
2023-04-09 18:38:20.936  INFO 22588 --- [File Watcher] rtingClassPathChangeChangedEventListener : Restarting due to 1 class path change (0 additions, 0 deletions, 1 modification)
2023-04-09 18:38:21.067  INFO 22588 --- [Thread-53] o.apache.catalina.core.StandardService   : Stopping service [Tomcat]
2023-04-09 18:38:21.078  INFO 22588 --- [Thread-53] j.LocalContainerEntityManagerFactoryBean : Closing JPA EntityManagerFactory for persistence unit 'default'
2023-04-09 18:38:21.079  INFO 22588 --- [Thread-53] com.zaxxer.hikari.HikariDataSource       : HikariPool-12 - Shutdown initiated...
2023-04-09 18:38:21.085  INFO 22588 --- [Thread-53] com.zaxxer.hikari.HikariDataSource       : HikariPool-12 - Shutdown completed.
2023-04-09 18:40:54.433  INFO 2192 --- [restartedMain] com.blog.BlogApplication                 : Starting BlogApplication using Java 1.8.0_241 on LAPTOP-DOIHP4O0 with PID 2192 (C:\Users\Admin\Documents\workspace-spring-tool-suite-4-4.17.2.RELEASE\BlogApplication\target\classes started by Admin in C:\Users\Admin\Documents\workspace-spring-tool-suite-4-4.17.2.RELEASE\BlogApplication)
2023-04-09 18:40:54.435  INFO 2192 --- [restartedMain] com.blog.BlogApplication                 : No active profile set, falling back to 1 default profile: "default"
2023-04-09 18:40:54.504  INFO 2192 --- [restartedMain] .e.DevToolsPropertyDefaultsPostProcessor : Devtools property defaults active! Set 'spring.devtools.add-properties' to 'false' to disable
2023-04-09 18:40:54.504  INFO 2192 --- [restartedMain] .e.DevToolsPropertyDefaultsPostProcessor : For additional web related logging consider setting the 'logging.level.web' property to 'DEBUG'
2023-04-09 18:40:55.339  INFO 2192 --- [restartedMain] .s.d.r.c.RepositoryConfigurationDelegate : Bootstrapping Spring Data JPA repositories in DEFAULT mode.
2023-04-09 18:40:55.434  INFO 2192 --- [restartedMain] .s.d.r.c.RepositoryConfigurationDelegate : Finished Spring Data repository scanning in 77 ms. Found 1 JPA repository interfaces.
2023-04-09 18:40:56.286  INFO 2192 --- [restartedMain] o.s.b.w.embedded.tomcat.TomcatWebServer  : Tomcat initialized with port(s): 9090 (http)
2023-04-09 18:40:56.298  INFO 2192 --- [restartedMain] o.apache.catalina.core.StandardService   : Starting service [Tomcat]
2023-04-09 18:40:56.299  INFO 2192 --- [restartedMain] org.apache.catalina.core.StandardEngine  : Starting Servlet engine: [Apache Tomcat/9.0.73]
2023-04-09 18:40:56.663  INFO 2192 --- [restartedMain] o.a.c.c.C.[Tomcat].[localhost].[/]       : Initializing Spring embedded WebApplicationContext
2023-04-09 18:40:56.663  INFO 2192 --- [restartedMain] w.s.c.ServletWebServerApplicationContext : Root WebApplicationContext: initialization completed in 2158 ms
2023-04-09 18:40:56.883  INFO 2192 --- [restartedMain] o.hibernate.jpa.internal.util.LogHelper  : HHH000204: Processing PersistenceUnitInfo [name: default]
2023-04-09 18:40:57.023  INFO 2192 --- [restartedMain] org.hibernate.Version                    : HHH000412: Hibernate ORM core version 5.6.15.Final
2023-04-09 18:40:57.272  INFO 2192 --- [restartedMain] o.hibernate.annotations.common.Version   : HCANN000001: Hibernate Commons Annotations {5.1.2.Final}
2023-04-09 18:40:57.411  INFO 2192 --- [restartedMain] com.zaxxer.hikari.HikariDataSource       : HikariPool-1 - Starting...
2023-04-09 18:40:58.016  INFO 2192 --- [restartedMain] com.zaxxer.hikari.HikariDataSource       : HikariPool-1 - Start completed.
2023-04-09 18:40:58.044  INFO 2192 --- [restartedMain] org.hibernate.dialect.Dialect            : HHH000400: Using dialect: org.hibernate.dialect.MySQL8Dialect
2023-04-09 18:40:58.868  INFO 2192 --- [restartedMain] o.h.e.t.j.p.i.JtaPlatformInitiator       : HHH000490: Using JtaPlatform implementation: [org.hibernate.engine.transaction.jta.platform.internal.NoJtaPlatform]
2023-04-09 18:40:58.882  INFO 2192 --- [restartedMain] j.LocalContainerEntityManagerFactoryBean : Initialized JPA EntityManagerFactory for persistence unit 'default'
2023-04-09 18:40:59.304  WARN 2192 --- [restartedMain] JpaBaseConfiguration$JpaWebConfiguration : spring.jpa.open-in-view is enabled by default. Therefore, database queries may be performed during view rendering. Explicitly configure spring.jpa.open-in-view to disable this warning
2023-04-09 18:40:59.664  INFO 2192 --- [restartedMain] o.s.b.d.a.OptionalLiveReloadServer       : LiveReload server is running on port 35729
2023-04-09 18:40:59.716  INFO 2192 --- [restartedMain] o.s.b.w.embedded.tomcat.TomcatWebServer  : Tomcat started on port(s): 9090 (http) with context path ''
2023-04-09 18:40:59.726  INFO 2192 --- [restartedMain] com.blog.BlogApplication                 : Started BlogApplication in 6.07 seconds (JVM running for 7.559)
2023-04-09 18:44:02.531  INFO 2192 --- [File Watcher] rtingClassPathChangeChangedEventListener : Restarting due to 1 class path change (0 additions, 0 deletions, 1 modification)
2023-04-09 18:44:02.693  INFO 2192 --- [Thread-7] o.apache.catalina.core.StandardService   : Stopping service [Tomcat]
2023-04-09 18:44:02.702  INFO 2192 --- [Thread-7] j.LocalContainerEntityManagerFactoryBean : Closing JPA EntityManagerFactory for persistence unit 'default'
2023-04-09 18:44:02.706  INFO 2192 --- [Thread-7] com.zaxxer.hikari.HikariDataSource       : HikariPool-1 - Shutdown initiated...
2023-04-09 18:44:02.714  INFO 2192 --- [Thread-7] com.zaxxer.hikari.HikariDataSource       : HikariPool-1 - Shutdown completed.
2023-04-09 18:44:02.938  INFO 2192 --- [restartedMain] com.blog.BlogApplication                 : Starting BlogApplication using Java 1.8.0_241 on LAPTOP-DOIHP4O0 with PID 2192 (C:\Users\Admin\Documents\workspace-spring-tool-suite-4-4.17.2.RELEASE\BlogApplication\target\classes started by Admin in C:\Users\Admin\Documents\workspace-spring-tool-suite-4-4.17.2.RELEASE\BlogApplication)
2023-04-09 18:44:02.939  INFO 2192 --- [restartedMain] com.blog.BlogApplication                 : No active profile set, falling back to 1 default profile: "default"
2023-04-09 18:44:03.109  INFO 2192 --- [restartedMain] .s.d.r.c.RepositoryConfigurationDelegate : Bootstrapping Spring Data JPA repositories in DEFAULT mode.
2023-04-09 18:44:03.122  INFO 2192 --- [restartedMain] .s.d.r.c.RepositoryConfigurationDelegate : Finished Spring Data repository scanning in 13 ms. Found 1 JPA repository interfaces.
2023-04-09 18:44:03.217  INFO 2192 --- [restartedMain] o.s.b.w.embedded.tomcat.TomcatWebServer  : Tomcat initialized with port(s): 9090 (http)
2023-04-09 18:44:03.218  INFO 2192 --- [restartedMain] o.apache.catalina.core.StandardService   : Starting service [Tomcat]
2023-04-09 18:44:03.218  INFO 2192 --- [restartedMain] org.apache.catalina.core.StandardEngine  : Starting Servlet engine: [Apache Tomcat/9.0.73]
2023-04-09 18:44:03.229  INFO 2192 --- [restartedMain] o.a.c.c.C.[Tomcat].[localhost].[/]       : Initializing Spring embedded WebApplicationContext
2023-04-09 18:44:03.230  INFO 2192 --- [restartedMain] w.s.c.ServletWebServerApplicationContext : Root WebApplicationContext: initialization completed in 287 ms
2023-04-09 18:44:03.264  INFO 2192 --- [restartedMain] o.hibernate.jpa.internal.util.LogHelper  : HHH000204: Processing PersistenceUnitInfo [name: default]
2023-04-09 18:44:03.270  INFO 2192 --- [restartedMain] com.zaxxer.hikari.HikariDataSource       : HikariPool-2 - Starting...
2023-04-09 18:44:03.285  INFO 2192 --- [restartedMain] com.zaxxer.hikari.HikariDataSource       : HikariPool-2 - Start completed.
2023-04-09 18:44:03.286  INFO 2192 --- [restartedMain] org.hibernate.dialect.Dialect            : HHH000400: Using dialect: org.hibernate.dialect.MySQL8Dialect
2023-04-09 18:44:03.318  INFO 2192 --- [restartedMain] o.h.e.t.j.p.i.JtaPlatformInitiator       : HHH000490: Using JtaPlatform implementation: [org.hibernate.engine.transaction.jta.platform.internal.NoJtaPlatform]
2023-04-09 18:44:03.318  INFO 2192 --- [restartedMain] j.LocalContainerEntityManagerFactoryBean : Initialized JPA EntityManagerFactory for persistence unit 'default'
2023-04-09 18:44:03.379  WARN 2192 --- [restartedMain] JpaBaseConfiguration$JpaWebConfiguration : spring.jpa.open-in-view is enabled by default. Therefore, database queries may be performed during view rendering. Explicitly configure spring.jpa.open-in-view to disable this warning
2023-04-09 18:44:03.470  INFO 2192 --- [restartedMain] o.s.b.d.a.OptionalLiveReloadServer       : LiveReload server is running on port 35729
2023-04-09 18:44:03.483  INFO 2192 --- [restartedMain] o.s.b.w.embedded.tomcat.TomcatWebServer  : Tomcat started on port(s): 9090 (http) with context path ''
2023-04-09 18:44:03.488  INFO 2192 --- [restartedMain] com.blog.BlogApplication                 : Started BlogApplication in 0.602 seconds (JVM running for 191.322)
2023-04-09 18:44:03.491  INFO 2192 --- [restartedMain] .ConditionEvaluationDeltaLoggingListener : Condition evaluation unchanged
2023-04-09 18:44:37.550  INFO 2192 --- [http-nio-9090-exec-2] o.a.c.c.C.[Tomcat].[localhost].[/]       : Initializing Spring DispatcherServlet 'dispatcherServlet'
2023-04-09 18:44:37.555  INFO 2192 --- [http-nio-9090-exec-2] o.s.web.servlet.DispatcherServlet        : Initializing Servlet 'dispatcherServlet'
2023-04-09 18:44:37.555  INFO 2192 --- [http-nio-9090-exec-2] o.s.web.servlet.DispatcherServlet        : Completed initialization in 0 ms
2023-04-09 18:59:37.300  INFO 2192 --- [File Watcher] rtingClassPathChangeChangedEventListener : Restarting due to 3 class path changes (0 additions, 0 deletions, 3 modifications)
2023-04-09 18:59:37.434  INFO 2192 --- [Thread-9] o.apache.catalina.core.StandardService   : Stopping service [Tomcat]
2023-04-09 18:59:37.435  INFO 2192 --- [Thread-9] o.a.c.c.C.[Tomcat].[localhost].[/]       : Destroying Spring FrameworkServlet 'dispatcherServlet'
2023-04-09 18:59:37.444  INFO 2192 --- [Thread-9] j.LocalContainerEntityManagerFactoryBean : Closing JPA EntityManagerFactory for persistence unit 'default'
2023-04-09 18:59:37.445  INFO 2192 --- [Thread-9] com.zaxxer.hikari.HikariDataSource       : HikariPool-2 - Shutdown initiated...
2023-04-09 18:59:37.457  INFO 2192 --- [Thread-9] com.zaxxer.hikari.HikariDataSource       : HikariPool-2 - Shutdown completed.
2023-04-09 18:59:37.688  INFO 2192 --- [restartedMain] com.blog.BlogApplication                 : Starting BlogApplication using Java 1.8.0_241 on LAPTOP-DOIHP4O0 with PID 2192 (C:\Users\Admin\Documents\workspace-spring-tool-suite-4-4.17.2.RELEASE\BlogApplication\target\classes started by Admin in C:\Users\Admin\Documents\workspace-spring-tool-suite-4-4.17.2.RELEASE\BlogApplication)
2023-04-09 18:59:37.689  INFO 2192 --- [restartedMain] com.blog.BlogApplication                 : No active profile set, falling back to 1 default profile: "default"
2023-04-09 18:59:37.858  INFO 2192 --- [restartedMain] .s.d.r.c.RepositoryConfigurationDelegate : Bootstrapping Spring Data JPA repositories in DEFAULT mode.
2023-04-09 18:59:37.873  INFO 2192 --- [restartedMain] .s.d.r.c.RepositoryConfigurationDelegate : Finished Spring Data repository scanning in 14 ms. Found 1 JPA repository interfaces.
2023-04-09 18:59:37.973  INFO 2192 --- [restartedMain] o.s.b.w.embedded.tomcat.TomcatWebServer  : Tomcat initialized with port(s): 9090 (http)
2023-04-09 18:59:37.974  INFO 2192 --- [restartedMain] o.apache.catalina.core.StandardService   : Starting service [Tomcat]
2023-04-09 18:59:37.974  INFO 2192 --- [restartedMain] org.apache.catalina.core.StandardEngine  : Starting Servlet engine: [Apache Tomcat/9.0.73]
2023-04-09 18:59:37.993  INFO 2192 --- [restartedMain] o.a.c.c.C.[Tomcat].[localhost].[/]       : Initializing Spring embedded WebApplicationContext
2023-04-09 18:59:37.994  INFO 2192 --- [restartedMain] w.s.c.ServletWebServerApplicationContext : Root WebApplicationContext: initialization completed in 303 ms
2023-04-09 18:59:38.026  INFO 2192 --- [restartedMain] o.hibernate.jpa.internal.util.LogHelper  : HHH000204: Processing PersistenceUnitInfo [name: default]
2023-04-09 18:59:38.030  INFO 2192 --- [restartedMain] com.zaxxer.hikari.HikariDataSource       : HikariPool-3 - Starting...
2023-04-09 18:59:38.045  INFO 2192 --- [restartedMain] com.zaxxer.hikari.HikariDataSource       : HikariPool-3 - Start completed.
2023-04-09 18:59:38.046  INFO 2192 --- [restartedMain] org.hibernate.dialect.Dialect            : HHH000400: Using dialect: org.hibernate.dialect.MySQL8Dialect
2023-04-09 18:59:38.079  INFO 2192 --- [restartedMain] o.h.e.t.j.p.i.JtaPlatformInitiator       : HHH000490: Using JtaPlatform implementation: [org.hibernate.engine.transaction.jta.platform.internal.NoJtaPlatform]
2023-04-09 18:59:38.079  INFO 2192 --- [restartedMain] j.LocalContainerEntityManagerFactoryBean : Initialized JPA EntityManagerFactory for persistence unit 'default'
2023-04-09 18:59:38.150  WARN 2192 --- [restartedMain] JpaBaseConfiguration$JpaWebConfiguration : spring.jpa.open-in-view is enabled by default. Therefore, database queries may be performed during view rendering. Explicitly configure spring.jpa.open-in-view to disable this warning
2023-04-09 18:59:38.268  INFO 2192 --- [restartedMain] o.s.b.d.a.OptionalLiveReloadServer       : LiveReload server is running on port 35729
2023-04-09 18:59:38.281  INFO 2192 --- [restartedMain] o.s.b.w.embedded.tomcat.TomcatWebServer  : Tomcat started on port(s): 9090 (http) with context path ''
2023-04-09 18:59:38.287  INFO 2192 --- [restartedMain] com.blog.BlogApplication                 : Started BlogApplication in 0.625 seconds (JVM running for 1126.12)
2023-04-09 18:59:38.288  INFO 2192 --- [restartedMain] .ConditionEvaluationDeltaLoggingListener : Condition evaluation unchanged
2023-04-09 18:59:39.696  INFO 2192 --- [File Watcher] rtingClassPathChangeChangedEventListener : Restarting due to 14 class path changes (0 additions, 0 deletions, 14 modifications)
2023-04-09 18:59:39.818  INFO 2192 --- [Thread-13] o.apache.catalina.core.StandardService   : Stopping service [Tomcat]
2023-04-09 18:59:39.825  INFO 2192 --- [Thread-13] j.LocalContainerEntityManagerFactoryBean : Closing JPA EntityManagerFactory for persistence unit 'default'
2023-04-09 18:59:39.826  INFO 2192 --- [Thread-13] com.zaxxer.hikari.HikariDataSource       : HikariPool-3 - Shutdown initiated...
2023-04-09 18:59:39.834  INFO 2192 --- [Thread-13] com.zaxxer.hikari.HikariDataSource       : HikariPool-3 - Shutdown completed.
2023-04-09 18:59:40.081  INFO 2192 --- [restartedMain] com.blog.BlogApplication                 : Starting BlogApplication using Java 1.8.0_241 on LAPTOP-DOIHP4O0 with PID 2192 (C:\Users\Admin\Documents\workspace-spring-tool-suite-4-4.17.2.RELEASE\BlogApplication\target\classes started by Admin in C:\Users\Admin\Documents\workspace-spring-tool-suite-4-4.17.2.RELEASE\BlogApplication)
2023-04-09 18:59:40.082  INFO 2192 --- [restartedMain] com.blog.BlogApplication                 : No active profile set, falling back to 1 default profile: "default"
2023-04-09 18:59:40.235  INFO 2192 --- [restartedMain] .s.d.r.c.RepositoryConfigurationDelegate : Bootstrapping Spring Data JPA repositories in DEFAULT mode.
2023-04-09 18:59:40.247  INFO 2192 --- [restartedMain] .s.d.r.c.RepositoryConfigurationDelegate : Finished Spring Data repository scanning in 11 ms. Found 1 JPA repository interfaces.
2023-04-09 18:59:40.326  INFO 2192 --- [restartedMain] o.s.b.w.embedded.tomcat.TomcatWebServer  : Tomcat initialized with port(s): 9090 (http)
2023-04-09 18:59:40.326  INFO 2192 --- [restartedMain] o.apache.catalina.core.StandardService   : Starting service [Tomcat]
2023-04-09 18:59:40.326  INFO 2192 --- [restartedMain] org.apache.catalina.core.StandardEngine  : Starting Servlet engine: [Apache Tomcat/9.0.73]
2023-04-09 18:59:40.337  INFO 2192 --- [restartedMain] o.a.c.c.C.[Tomcat].[localhost].[/]       : Initializing Spring embedded WebApplicationContext
2023-04-09 18:59:40.337  INFO 2192 --- [restartedMain] w.s.c.ServletWebServerApplicationContext : Root WebApplicationContext: initialization completed in 254 ms
2023-04-09 18:59:40.386  INFO 2192 --- [restartedMain] o.hibernate.jpa.internal.util.LogHelper  : HHH000204: Processing PersistenceUnitInfo [name: default]
2023-04-09 18:59:40.389  INFO 2192 --- [restartedMain] com.zaxxer.hikari.HikariDataSource       : HikariPool-4 - Starting...
2023-04-09 18:59:40.401  INFO 2192 --- [restartedMain] com.zaxxer.hikari.HikariDataSource       : HikariPool-4 - Start completed.
2023-04-09 18:59:40.401  INFO 2192 --- [restartedMain] org.hibernate.dialect.Dialect            : HHH000400: Using dialect: org.hibernate.dialect.MySQL8Dialect
2023-04-09 18:59:40.431  INFO 2192 --- [restartedMain] o.h.e.t.j.p.i.JtaPlatformInitiator       : HHH000490: Using JtaPlatform implementation: [org.hibernate.engine.transaction.jta.platform.internal.NoJtaPlatform]
2023-04-09 18:59:40.431  INFO 2192 --- [restartedMain] j.LocalContainerEntityManagerFactoryBean : Initialized JPA EntityManagerFactory for persistence unit 'default'
2023-04-09 18:59:40.499  WARN 2192 --- [restartedMain] JpaBaseConfiguration$JpaWebConfiguration : spring.jpa.open-in-view is enabled by default. Therefore, database queries may be performed during view rendering. Explicitly configure spring.jpa.open-in-view to disable this warning
2023-04-09 18:59:40.591  INFO 2192 --- [restartedMain] o.s.b.d.a.OptionalLiveReloadServer       : LiveReload server is running on port 35729
2023-04-09 18:59:40.603  INFO 2192 --- [restartedMain] o.s.b.w.embedded.tomcat.TomcatWebServer  : Tomcat started on port(s): 9090 (http) with context path ''
2023-04-09 18:59:40.608  INFO 2192 --- [restartedMain] com.blog.BlogApplication                 : Started BlogApplication in 0.557 seconds (JVM running for 1128.442)
2023-04-09 18:59:40.610  INFO 2192 --- [restartedMain] .ConditionEvaluationDeltaLoggingListener : Condition evaluation unchanged
2023-04-09 18:59:54.307  INFO 2192 --- [File Watcher] rtingClassPathChangeChangedEventListener : Restarting due to 3 class path changes (0 additions, 0 deletions, 3 modifications)
2023-04-09 18:59:54.527  INFO 2192 --- [Thread-17] o.apache.catalina.core.StandardService   : Stopping service [Tomcat]
2023-04-09 18:59:54.536  INFO 2192 --- [Thread-17] j.LocalContainerEntityManagerFactoryBean : Closing JPA EntityManagerFactory for persistence unit 'default'
2023-04-09 18:59:54.537  INFO 2192 --- [Thread-17] com.zaxxer.hikari.HikariDataSource       : HikariPool-4 - Shutdown initiated...
2023-04-09 18:59:54.544  INFO 2192 --- [Thread-17] com.zaxxer.hikari.HikariDataSource       : HikariPool-4 - Shutdown completed.
2023-04-09 18:59:54.679  INFO 2192 --- [restartedMain] com.blog.BlogApplication                 : Starting BlogApplication using Java 1.8.0_241 on LAPTOP-DOIHP4O0 with PID 2192 (C:\Users\Admin\Documents\workspace-spring-tool-suite-4-4.17.2.RELEASE\BlogApplication\target\classes started by Admin in C:\Users\Admin\Documents\workspace-spring-tool-suite-4-4.17.2.RELEASE\BlogApplication)
2023-04-09 18:59:54.680  INFO 2192 --- [restartedMain] com.blog.BlogApplication                 : No active profile set, falling back to 1 default profile: "default"
2023-04-09 18:59:54.839  INFO 2192 --- [restartedMain] .s.d.r.c.RepositoryConfigurationDelegate : Bootstrapping Spring Data JPA repositories in DEFAULT mode.
2023-04-09 18:59:54.848  INFO 2192 --- [restartedMain] .s.d.r.c.RepositoryConfigurationDelegate : Finished Spring Data repository scanning in 8 ms. Found 1 JPA repository interfaces.
2023-04-09 18:59:54.913  INFO 2192 --- [restartedMain] o.s.b.w.embedded.tomcat.TomcatWebServer  : Tomcat initialized with port(s): 9090 (http)
2023-04-09 18:59:54.913  INFO 2192 --- [restartedMain] o.apache.catalina.core.StandardService   : Starting service [Tomcat]
2023-04-09 18:59:54.918  INFO 2192 --- [restartedMain] org.apache.catalina.core.StandardEngine  : Starting Servlet engine: [Apache Tomcat/9.0.73]
2023-04-09 18:59:54.932  INFO 2192 --- [restartedMain] o.a.c.c.C.[Tomcat].[localhost].[/]       : Initializing Spring embedded WebApplicationContext
2023-04-09 18:59:54.932  INFO 2192 --- [restartedMain] w.s.c.ServletWebServerApplicationContext : Root WebApplicationContext: initialization completed in 250 ms
2023-04-09 18:59:54.957  INFO 2192 --- [restartedMain] o.hibernate.jpa.internal.util.LogHelper  : HHH000204: Processing PersistenceUnitInfo [name: default]
2023-04-09 18:59:54.960  INFO 2192 --- [restartedMain] com.zaxxer.hikari.HikariDataSource       : HikariPool-5 - Starting...
2023-04-09 18:59:54.974  INFO 2192 --- [restartedMain] com.zaxxer.hikari.HikariDataSource       : HikariPool-5 - Start completed.
2023-04-09 18:59:54.974  INFO 2192 --- [restartedMain] org.hibernate.dialect.Dialect            : HHH000400: Using dialect: org.hibernate.dialect.MySQL8Dialect
2023-04-09 18:59:55.007  INFO 2192 --- [restartedMain] o.h.e.t.j.p.i.JtaPlatformInitiator       : HHH000490: Using JtaPlatform implementation: [org.hibernate.engine.transaction.jta.platform.internal.NoJtaPlatform]
2023-04-09 18:59:55.008  INFO 2192 --- [restartedMain] j.LocalContainerEntityManagerFactoryBean : Initialized JPA EntityManagerFactory for persistence unit 'default'
2023-04-09 18:59:55.091  WARN 2192 --- [restartedMain] JpaBaseConfiguration$JpaWebConfiguration : spring.jpa.open-in-view is enabled by default. Therefore, database queries may be performed during view rendering. Explicitly configure spring.jpa.open-in-view to disable this warning
2023-04-09 18:59:55.199  INFO 2192 --- [restartedMain] o.s.b.d.a.OptionalLiveReloadServer       : LiveReload server is running on port 35729
2023-04-09 18:59:55.209  INFO 2192 --- [restartedMain] o.s.b.w.embedded.tomcat.TomcatWebServer  : Tomcat started on port(s): 9090 (http) with context path ''
2023-04-09 18:59:55.214  INFO 2192 --- [restartedMain] com.blog.BlogApplication                 : Started BlogApplication in 0.557 seconds (JVM running for 1143.047)
2023-04-09 18:59:55.216  INFO 2192 --- [restartedMain] .ConditionEvaluationDeltaLoggingListener : Condition evaluation unchanged
2023-04-09 18:59:56.648  INFO 2192 --- [File Watcher] rtingClassPathChangeChangedEventListener : Restarting due to 14 class path changes (0 additions, 0 deletions, 14 modifications)
2023-04-09 18:59:56.786  INFO 2192 --- [Thread-21] o.apache.catalina.core.StandardService   : Stopping service [Tomcat]
2023-04-09 18:59:56.795  INFO 2192 --- [Thread-21] j.LocalContainerEntityManagerFactoryBean : Closing JPA EntityManagerFactory for persistence unit 'default'
2023-04-09 18:59:56.796  INFO 2192 --- [Thread-21] com.zaxxer.hikari.HikariDataSource       : HikariPool-5 - Shutdown initiated...
2023-04-09 18:59:56.800  INFO 2192 --- [Thread-21] com.zaxxer.hikari.HikariDataSource       : HikariPool-5 - Shutdown completed.
2023-04-09 18:59:56.910  INFO 2192 --- [restartedMain] com.blog.BlogApplication                 : Starting BlogApplication using Java 1.8.0_241 on LAPTOP-DOIHP4O0 with PID 2192 (C:\Users\Admin\Documents\workspace-spring-tool-suite-4-4.17.2.RELEASE\BlogApplication\target\classes started by Admin in C:\Users\Admin\Documents\workspace-spring-tool-suite-4-4.17.2.RELEASE\BlogApplication)
2023-04-09 18:59:56.912  INFO 2192 --- [restartedMain] com.blog.BlogApplication                 : No active profile set, falling back to 1 default profile: "default"
2023-04-09 18:59:57.061  INFO 2192 --- [restartedMain] .s.d.r.c.RepositoryConfigurationDelegate : Bootstrapping Spring Data JPA repositories in DEFAULT mode.
2023-04-09 18:59:57.076  INFO 2192 --- [restartedMain] .s.d.r.c.RepositoryConfigurationDelegate : Finished Spring Data repository scanning in 13 ms. Found 1 JPA repository interfaces.
2023-04-09 18:59:57.150  INFO 2192 --- [restartedMain] o.s.b.w.embedded.tomcat.TomcatWebServer  : Tomcat initialized with port(s): 9090 (http)
2023-04-09 18:59:57.151  INFO 2192 --- [restartedMain] o.apache.catalina.core.StandardService   : Starting service [Tomcat]
2023-04-09 18:59:57.152  INFO 2192 --- [restartedMain] org.apache.catalina.core.StandardEngine  : Starting Servlet engine: [Apache Tomcat/9.0.73]
2023-04-09 18:59:57.168  INFO 2192 --- [restartedMain] o.a.c.c.C.[Tomcat].[localhost].[/]       : Initializing Spring embedded WebApplicationContext
2023-04-09 18:59:57.168  INFO 2192 --- [restartedMain] w.s.c.ServletWebServerApplicationContext : Root WebApplicationContext: initialization completed in 255 ms
2023-04-09 18:59:57.197  INFO 2192 --- [restartedMain] o.hibernate.jpa.internal.util.LogHelper  : HHH000204: Processing PersistenceUnitInfo [name: default]
2023-04-09 18:59:57.202  INFO 2192 --- [restartedMain] com.zaxxer.hikari.HikariDataSource       : HikariPool-6 - Starting...
2023-04-09 18:59:57.218  INFO 2192 --- [restartedMain] com.zaxxer.hikari.HikariDataSource       : HikariPool-6 - Start completed.
2023-04-09 18:59:57.219  INFO 2192 --- [restartedMain] org.hibernate.dialect.Dialect            : HHH000400: Using dialect: org.hibernate.dialect.MySQL8Dialect
2023-04-09 18:59:57.247  INFO 2192 --- [restartedMain] o.h.e.t.j.p.i.JtaPlatformInitiator       : HHH000490: Using JtaPlatform implementation: [org.hibernate.engine.transaction.jta.platform.internal.NoJtaPlatform]
2023-04-09 18:59:57.247  INFO 2192 --- [restartedMain] j.LocalContainerEntityManagerFactoryBean : Initialized JPA EntityManagerFactory for persistence unit 'default'
2023-04-09 18:59:57.320  WARN 2192 --- [restartedMain] JpaBaseConfiguration$JpaWebConfiguration : spring.jpa.open-in-view is enabled by default. Therefore, database queries may be performed during view rendering. Explicitly configure spring.jpa.open-in-view to disable this warning
2023-04-09 18:59:57.469  INFO 2192 --- [restartedMain] o.s.b.d.a.OptionalLiveReloadServer       : LiveReload server is running on port 35729
2023-04-09 18:59:57.478  INFO 2192 --- [restartedMain] o.s.b.w.embedded.tomcat.TomcatWebServer  : Tomcat started on port(s): 9090 (http) with context path ''
2023-04-09 18:59:57.481  INFO 2192 --- [restartedMain] com.blog.BlogApplication                 : Started BlogApplication in 0.593 seconds (JVM running for 1145.315)
2023-04-09 18:59:57.483  INFO 2192 --- [restartedMain] .ConditionEvaluationDeltaLoggingListener : Condition evaluation unchanged
2023-04-09 19:01:06.597  INFO 2192 --- [File Watcher] rtingClassPathChangeChangedEventListener : Restarting due to 3 class path changes (0 additions, 0 deletions, 3 modifications)
2023-04-09 19:01:06.770  INFO 2192 --- [Thread-25] o.apache.catalina.core.StandardService   : Stopping service [Tomcat]
2023-04-09 19:01:06.784  INFO 2192 --- [Thread-25] j.LocalContainerEntityManagerFactoryBean : Closing JPA EntityManagerFactory for persistence unit 'default'
2023-04-09 19:01:06.786  INFO 2192 --- [Thread-25] com.zaxxer.hikari.HikariDataSource       : HikariPool-6 - Shutdown initiated...
2023-04-09 19:01:06.790  INFO 2192 --- [Thread-25] com.zaxxer.hikari.HikariDataSource       : HikariPool-6 - Shutdown completed.
2023-04-09 19:01:06.932  INFO 2192 --- [restartedMain] com.blog.BlogApplication                 : Starting BlogApplication using Java 1.8.0_241 on LAPTOP-DOIHP4O0 with PID 2192 (C:\Users\Admin\Documents\workspace-spring-tool-suite-4-4.17.2.RELEASE\BlogApplication\target\classes started by Admin in C:\Users\Admin\Documents\workspace-spring-tool-suite-4-4.17.2.RELEASE\BlogApplication)
2023-04-09 19:01:06.933  INFO 2192 --- [restartedMain] com.blog.BlogApplication                 : No active profile set, falling back to 1 default profile: "default"
2023-04-09 19:01:07.080  INFO 2192 --- [restartedMain] .s.d.r.c.RepositoryConfigurationDelegate : Bootstrapping Spring Data JPA repositories in DEFAULT mode.
2023-04-09 19:01:07.090  INFO 2192 --- [restartedMain] .s.d.r.c.RepositoryConfigurationDelegate : Finished Spring Data repository scanning in 10 ms. Found 1 JPA repository interfaces.
2023-04-09 19:01:07.204  INFO 2192 --- [restartedMain] o.s.b.w.embedded.tomcat.TomcatWebServer  : Tomcat initialized with port(s): 9090 (http)
2023-04-09 19:01:07.206  INFO 2192 --- [restartedMain] o.apache.catalina.core.StandardService   : Starting service [Tomcat]
2023-04-09 19:01:07.206  INFO 2192 --- [restartedMain] org.apache.catalina.core.StandardEngine  : Starting Servlet engine: [Apache Tomcat/9.0.73]
2023-04-09 19:01:07.225  INFO 2192 --- [restartedMain] o.a.c.c.C.[Tomcat].[localhost].[/]       : Initializing Spring embedded WebApplicationContext
2023-04-09 19:01:07.225  INFO 2192 --- [restartedMain] w.s.c.ServletWebServerApplicationContext : Root WebApplicationContext: initialization completed in 290 ms
2023-04-09 19:01:07.253  INFO 2192 --- [restartedMain] o.hibernate.jpa.internal.util.LogHelper  : HHH000204: Processing PersistenceUnitInfo [name: default]
2023-04-09 19:01:07.257  INFO 2192 --- [restartedMain] com.zaxxer.hikari.HikariDataSource       : HikariPool-7 - Starting...
2023-04-09 19:01:07.269  INFO 2192 --- [restartedMain] com.zaxxer.hikari.HikariDataSource       : HikariPool-7 - Start completed.
2023-04-09 19:01:07.270  INFO 2192 --- [restartedMain] org.hibernate.dialect.Dialect            : HHH000400: Using dialect: org.hibernate.dialect.MySQL8Dialect
2023-04-09 19:01:07.293  INFO 2192 --- [restartedMain] o.h.e.t.j.p.i.JtaPlatformInitiator       : HHH000490: Using JtaPlatform implementation: [org.hibernate.engine.transaction.jta.platform.internal.NoJtaPlatform]
2023-04-09 19:01:07.295  INFO 2192 --- [restartedMain] j.LocalContainerEntityManagerFactoryBean : Initialized JPA EntityManagerFactory for persistence unit 'default'
2023-04-09 19:01:07.353  WARN 2192 --- [restartedMain] JpaBaseConfiguration$JpaWebConfiguration : spring.jpa.open-in-view is enabled by default. Therefore, database queries may be performed during view rendering. Explicitly configure spring.jpa.open-in-view to disable this warning
2023-04-09 19:01:07.434  INFO 2192 --- [restartedMain] o.s.b.d.a.OptionalLiveReloadServer       : LiveReload server is running on port 35729
2023-04-09 19:01:07.444  INFO 2192 --- [restartedMain] o.s.b.w.embedded.tomcat.TomcatWebServer  : Tomcat started on port(s): 9090 (http) with context path ''
2023-04-09 19:01:07.448  INFO 2192 --- [restartedMain] com.blog.BlogApplication                 : Started BlogApplication in 0.538 seconds (JVM running for 1215.282)
2023-04-09 19:01:07.449  INFO 2192 --- [restartedMain] .ConditionEvaluationDeltaLoggingListener : Condition evaluation unchanged
2023-04-09 19:04:58.305  INFO 2192 --- [File Watcher] rtingClassPathChangeChangedEventListener : Restarting due to 1 class path change (0 additions, 0 deletions, 1 modification)
2023-04-09 19:04:58.449  INFO 2192 --- [Thread-29] o.apache.catalina.core.StandardService   : Stopping service [Tomcat]
2023-04-09 19:04:58.458  INFO 2192 --- [Thread-29] j.LocalContainerEntityManagerFactoryBean : Closing JPA EntityManagerFactory for persistence unit 'default'
2023-04-09 19:04:58.459  INFO 2192 --- [Thread-29] com.zaxxer.hikari.HikariDataSource       : HikariPool-7 - Shutdown initiated...
2023-04-09 19:04:58.463  INFO 2192 --- [Thread-29] com.zaxxer.hikari.HikariDataSource       : HikariPool-7 - Shutdown completed.
2023-04-09 19:04:58.593  INFO 2192 --- [restartedMain] com.blog.BlogApplication                 : Starting BlogApplication using Java 1.8.0_241 on LAPTOP-DOIHP4O0 with PID 2192 (C:\Users\Admin\Documents\workspace-spring-tool-suite-4-4.17.2.RELEASE\BlogApplication\target\classes started by Admin in C:\Users\Admin\Documents\workspace-spring-tool-suite-4-4.17.2.RELEASE\BlogApplication)
2023-04-09 19:04:58.593  INFO 2192 --- [restartedMain] com.blog.BlogApplication                 : No active profile set, falling back to 1 default profile: "default"
2023-04-09 19:04:58.704  INFO 2192 --- [restartedMain] .s.d.r.c.RepositoryConfigurationDelegate : Bootstrapping Spring Data JPA repositories in DEFAULT mode.
2023-04-09 19:04:58.714  INFO 2192 --- [restartedMain] .s.d.r.c.RepositoryConfigurationDelegate : Finished Spring Data repository scanning in 8 ms. Found 1 JPA repository interfaces.
2023-04-09 19:04:58.796  INFO 2192 --- [restartedMain] o.s.b.w.embedded.tomcat.TomcatWebServer  : Tomcat initialized with port(s): 9090 (http)
2023-04-09 19:04:58.797  INFO 2192 --- [restartedMain] o.apache.catalina.core.StandardService   : Starting service [Tomcat]
2023-04-09 19:04:58.797  INFO 2192 --- [restartedMain] org.apache.catalina.core.StandardEngine  : Starting Servlet engine: [Apache Tomcat/9.0.73]
2023-04-09 19:04:58.816  INFO 2192 --- [restartedMain] o.a.c.c.C.[Tomcat].[localhost].[/]       : Initializing Spring embedded WebApplicationContext
2023-04-09 19:04:58.816  INFO 2192 --- [restartedMain] w.s.c.ServletWebServerApplicationContext : Root WebApplicationContext: initialization completed in 221 ms
2023-04-09 19:04:58.839  INFO 2192 --- [restartedMain] o.hibernate.jpa.internal.util.LogHelper  : HHH000204: Processing PersistenceUnitInfo [name: default]
2023-04-09 19:04:58.843  INFO 2192 --- [restartedMain] com.zaxxer.hikari.HikariDataSource       : HikariPool-8 - Starting...
2023-04-09 19:04:58.854  INFO 2192 --- [restartedMain] com.zaxxer.hikari.HikariDataSource       : HikariPool-8 - Start completed.
2023-04-09 19:04:58.855  INFO 2192 --- [restartedMain] org.hibernate.dialect.Dialect            : HHH000400: Using dialect: org.hibernate.dialect.MySQL8Dialect
2023-04-09 19:04:58.879  INFO 2192 --- [restartedMain] o.h.e.t.j.p.i.JtaPlatformInitiator       : HHH000490: Using JtaPlatform implementation: [org.hibernate.engine.transaction.jta.platform.internal.NoJtaPlatform]
2023-04-09 19:04:58.879  INFO 2192 --- [restartedMain] j.LocalContainerEntityManagerFactoryBean : Initialized JPA EntityManagerFactory for persistence unit 'default'
2023-04-09 19:04:58.928  WARN 2192 --- [restartedMain] JpaBaseConfiguration$JpaWebConfiguration : spring.jpa.open-in-view is enabled by default. Therefore, database queries may be performed during view rendering. Explicitly configure spring.jpa.open-in-view to disable this warning
2023-04-09 19:04:59.005  INFO 2192 --- [restartedMain] o.s.b.d.a.OptionalLiveReloadServer       : LiveReload server is running on port 35729
2023-04-09 19:04:59.013  INFO 2192 --- [restartedMain] o.s.b.w.embedded.tomcat.TomcatWebServer  : Tomcat started on port(s): 9090 (http) with context path ''
2023-04-09 19:04:59.017  INFO 2192 --- [restartedMain] com.blog.BlogApplication                 : Started BlogApplication in 0.444 seconds (JVM running for 1446.851)
2023-04-09 19:04:59.019  INFO 2192 --- [restartedMain] .ConditionEvaluationDeltaLoggingListener : Condition evaluation unchanged
2023-04-09 19:05:24.004  INFO 2192 --- [File Watcher] rtingClassPathChangeChangedEventListener : Restarting due to 1 class path change (0 additions, 0 deletions, 1 modification)
2023-04-09 19:05:24.143  INFO 2192 --- [Thread-33] o.apache.catalina.core.StandardService   : Stopping service [Tomcat]
2023-04-09 19:05:24.151  INFO 2192 --- [Thread-33] j.LocalContainerEntityManagerFactoryBean : Closing JPA EntityManagerFactory for persistence unit 'default'
2023-04-09 19:05:24.152  INFO 2192 --- [Thread-33] com.zaxxer.hikari.HikariDataSource       : HikariPool-8 - Shutdown initiated...
2023-04-09 19:05:24.157  INFO 2192 --- [Thread-33] com.zaxxer.hikari.HikariDataSource       : HikariPool-8 - Shutdown completed.
2023-04-09 19:05:24.302  INFO 2192 --- [restartedMain] com.blog.BlogApplication                 : Starting BlogApplication using Java 1.8.0_241 on LAPTOP-DOIHP4O0 with PID 2192 (C:\Users\Admin\Documents\workspace-spring-tool-suite-4-4.17.2.RELEASE\BlogApplication\target\classes started by Admin in C:\Users\Admin\Documents\workspace-spring-tool-suite-4-4.17.2.RELEASE\BlogApplication)
2023-04-09 19:05:24.302  INFO 2192 --- [restartedMain] com.blog.BlogApplication                 : No active profile set, falling back to 1 default profile: "default"
2023-04-09 19:05:24.424  INFO 2192 --- [restartedMain] .s.d.r.c.RepositoryConfigurationDelegate : Bootstrapping Spring Data JPA repositories in DEFAULT mode.
2023-04-09 19:05:24.434  INFO 2192 --- [restartedMain] .s.d.r.c.RepositoryConfigurationDelegate : Finished Spring Data repository scanning in 10 ms. Found 1 JPA repository interfaces.
2023-04-09 19:05:24.488  INFO 2192 --- [restartedMain] o.s.b.w.embedded.tomcat.TomcatWebServer  : Tomcat initialized with port(s): 9090 (http)
2023-04-09 19:05:24.489  INFO 2192 --- [restartedMain] o.apache.catalina.core.StandardService   : Starting service [Tomcat]
2023-04-09 19:05:24.489  INFO 2192 --- [restartedMain] org.apache.catalina.core.StandardEngine  : Starting Servlet engine: [Apache Tomcat/9.0.73]
2023-04-09 19:05:24.511  INFO 2192 --- [restartedMain] o.a.c.c.C.[Tomcat].[localhost].[/]       : Initializing Spring embedded WebApplicationContext
2023-04-09 19:05:24.511  INFO 2192 --- [restartedMain] w.s.c.ServletWebServerApplicationContext : Root WebApplicationContext: initialization completed in 207 ms
2023-04-09 19:05:24.533  INFO 2192 --- [restartedMain] o.hibernate.jpa.internal.util.LogHelper  : HHH000204: Processing PersistenceUnitInfo [name: default]
2023-04-09 19:05:24.535  INFO 2192 --- [restartedMain] com.zaxxer.hikari.HikariDataSource       : HikariPool-9 - Starting...
2023-04-09 19:05:24.547  INFO 2192 --- [restartedMain] com.zaxxer.hikari.HikariDataSource       : HikariPool-9 - Start completed.
2023-04-09 19:05:24.547  INFO 2192 --- [restartedMain] org.hibernate.dialect.Dialect            : HHH000400: Using dialect: org.hibernate.dialect.MySQL8Dialect
2023-04-09 19:05:24.565  INFO 2192 --- [restartedMain] o.h.e.t.j.p.i.JtaPlatformInitiator       : HHH000490: Using JtaPlatform implementation: [org.hibernate.engine.transaction.jta.platform.internal.NoJtaPlatform]
2023-04-09 19:05:24.566  INFO 2192 --- [restartedMain] j.LocalContainerEntityManagerFactoryBean : Initialized JPA EntityManagerFactory for persistence unit 'default'
2023-04-09 19:05:24.620  WARN 2192 --- [restartedMain] JpaBaseConfiguration$JpaWebConfiguration : spring.jpa.open-in-view is enabled by default. Therefore, database queries may be performed during view rendering. Explicitly configure spring.jpa.open-in-view to disable this warning
2023-04-09 19:05:24.692  INFO 2192 --- [restartedMain] o.s.b.d.a.OptionalLiveReloadServer       : LiveReload server is running on port 35729
2023-04-09 19:05:24.699  INFO 2192 --- [restartedMain] o.s.b.w.embedded.tomcat.TomcatWebServer  : Tomcat started on port(s): 9090 (http) with context path ''
2023-04-09 19:05:24.703  INFO 2192 --- [restartedMain] com.blog.BlogApplication                 : Started BlogApplication in 0.428 seconds (JVM running for 1472.537)
2023-04-09 19:05:24.704  INFO 2192 --- [restartedMain] .ConditionEvaluationDeltaLoggingListener : Condition evaluation unchanged
2023-04-09 19:05:56.970  INFO 2192 --- [File Watcher] rtingClassPathChangeChangedEventListener : Restarting due to 1 class path change (0 additions, 0 deletions, 1 modification)
2023-04-09 19:05:57.111  INFO 2192 --- [Thread-37] o.apache.catalina.core.StandardService   : Stopping service [Tomcat]
2023-04-09 19:05:57.118  INFO 2192 --- [Thread-37] j.LocalContainerEntityManagerFactoryBean : Closing JPA EntityManagerFactory for persistence unit 'default'
2023-04-09 19:05:57.119  INFO 2192 --- [Thread-37] com.zaxxer.hikari.HikariDataSource       : HikariPool-9 - Shutdown initiated...
2023-04-09 19:05:57.121  INFO 2192 --- [Thread-37] com.zaxxer.hikari.HikariDataSource       : HikariPool-9 - Shutdown completed.
2023-04-09 19:05:57.248  INFO 2192 --- [restartedMain] com.blog.BlogApplication                 : Starting BlogApplication using Java 1.8.0_241 on LAPTOP-DOIHP4O0 with PID 2192 (C:\Users\Admin\Documents\workspace-spring-tool-suite-4-4.17.2.RELEASE\BlogApplication\target\classes started by Admin in C:\Users\Admin\Documents\workspace-spring-tool-suite-4-4.17.2.RELEASE\BlogApplication)
2023-04-09 19:05:57.249  INFO 2192 --- [restartedMain] com.blog.BlogApplication                 : No active profile set, falling back to 1 default profile: "default"
2023-04-09 19:05:57.494  INFO 2192 --- [restartedMain] .s.d.r.c.RepositoryConfigurationDelegate : Bootstrapping Spring Data JPA repositories in DEFAULT mode.
2023-04-09 19:05:57.513  INFO 2192 --- [restartedMain] .s.d.r.c.RepositoryConfigurationDelegate : Finished Spring Data repository scanning in 18 ms. Found 1 JPA repository interfaces.
2023-04-09 19:05:57.638  INFO 2192 --- [restartedMain] o.s.b.w.embedded.tomcat.TomcatWebServer  : Tomcat initialized with port(s): 9090 (http)
2023-04-09 19:05:57.638  INFO 2192 --- [restartedMain] o.apache.catalina.core.StandardService   : Starting service [Tomcat]
2023-04-09 19:05:57.638  INFO 2192 --- [restartedMain] org.apache.catalina.core.StandardEngine  : Starting Servlet engine: [Apache Tomcat/9.0.73]
2023-04-09 19:05:57.652  INFO 2192 --- [restartedMain] o.a.c.c.C.[Tomcat].[localhost].[/]       : Initializing Spring embedded WebApplicationContext
2023-04-09 19:05:57.653  INFO 2192 --- [restartedMain] w.s.c.ServletWebServerApplicationContext : Root WebApplicationContext: initialization completed in 401 ms
2023-04-09 19:05:57.677  INFO 2192 --- [restartedMain] o.hibernate.jpa.internal.util.LogHelper  : HHH000204: Processing PersistenceUnitInfo [name: default]
2023-04-09 19:05:57.679  INFO 2192 --- [restartedMain] com.zaxxer.hikari.HikariDataSource       : HikariPool-10 - Starting...
2023-04-09 19:05:57.691  INFO 2192 --- [restartedMain] com.zaxxer.hikari.HikariDataSource       : HikariPool-10 - Start completed.
2023-04-09 19:05:57.691  INFO 2192 --- [restartedMain] org.hibernate.dialect.Dialect            : HHH000400: Using dialect: org.hibernate.dialect.MySQL8Dialect
2023-04-09 19:05:57.709  INFO 2192 --- [restartedMain] o.h.e.t.j.p.i.JtaPlatformInitiator       : HHH000490: Using JtaPlatform implementation: [org.hibernate.engine.transaction.jta.platform.internal.NoJtaPlatform]
2023-04-09 19:05:57.710  INFO 2192 --- [restartedMain] j.LocalContainerEntityManagerFactoryBean : Initialized JPA EntityManagerFactory for persistence unit 'default'
2023-04-09 19:05:57.771  WARN 2192 --- [restartedMain] JpaBaseConfiguration$JpaWebConfiguration : spring.jpa.open-in-view is enabled by default. Therefore, database queries may be performed during view rendering. Explicitly configure spring.jpa.open-in-view to disable this warning
2023-04-09 19:05:57.839  INFO 2192 --- [restartedMain] o.s.b.d.a.OptionalLiveReloadServer       : LiveReload server is running on port 35729
2023-04-09 19:05:57.848  INFO 2192 --- [restartedMain] o.s.b.w.embedded.tomcat.TomcatWebServer  : Tomcat started on port(s): 9090 (http) with context path ''
2023-04-09 19:05:57.852  INFO 2192 --- [restartedMain] com.blog.BlogApplication                 : Started BlogApplication in 0.642 seconds (JVM running for 1505.685)
2023-04-09 19:05:57.853  INFO 2192 --- [restartedMain] .ConditionEvaluationDeltaLoggingListener : Condition evaluation unchanged
2023-04-09 19:06:51.633  INFO 2192 --- [File Watcher] rtingClassPathChangeChangedEventListener : Restarting due to 1 class path change (0 additions, 0 deletions, 1 modification)
2023-04-09 19:06:51.797  INFO 2192 --- [Thread-41] o.apache.catalina.core.StandardService   : Stopping service [Tomcat]
2023-04-09 19:06:51.803  INFO 2192 --- [Thread-41] j.LocalContainerEntityManagerFactoryBean : Closing JPA EntityManagerFactory for persistence unit 'default'
2023-04-09 19:06:51.804  INFO 2192 --- [Thread-41] com.zaxxer.hikari.HikariDataSource       : HikariPool-10 - Shutdown initiated...
2023-04-09 19:06:51.808  INFO 2192 --- [Thread-41] com.zaxxer.hikari.HikariDataSource       : HikariPool-10 - Shutdown completed.
2023-04-09 19:06:51.923  INFO 2192 --- [restartedMain] com.blog.BlogApplication                 : Starting BlogApplication using Java 1.8.0_241 on LAPTOP-DOIHP4O0 with PID 2192 (C:\Users\Admin\Documents\workspace-spring-tool-suite-4-4.17.2.RELEASE\BlogApplication\target\classes started by Admin in C:\Users\Admin\Documents\workspace-spring-tool-suite-4-4.17.2.RELEASE\BlogApplication)
2023-04-09 19:06:51.923  INFO 2192 --- [restartedMain] com.blog.BlogApplication                 : No active profile set, falling back to 1 default profile: "default"
2023-04-09 19:06:52.058  INFO 2192 --- [restartedMain] .s.d.r.c.RepositoryConfigurationDelegate : Bootstrapping Spring Data JPA repositories in DEFAULT mode.
2023-04-09 19:06:52.068  INFO 2192 --- [restartedMain] .s.d.r.c.RepositoryConfigurationDelegate : Finished Spring Data repository scanning in 11 ms. Found 1 JPA repository interfaces.
2023-04-09 19:06:52.158  INFO 2192 --- [restartedMain] o.s.b.w.embedded.tomcat.TomcatWebServer  : Tomcat initialized with port(s): 9090 (http)
2023-04-09 19:06:52.158  INFO 2192 --- [restartedMain] o.apache.catalina.core.StandardService   : Starting service [Tomcat]
2023-04-09 19:06:52.158  INFO 2192 --- [restartedMain] org.apache.catalina.core.StandardEngine  : Starting Servlet engine: [Apache Tomcat/9.0.73]
2023-04-09 19:06:52.212  INFO 2192 --- [restartedMain] o.a.c.c.C.[Tomcat].[localhost].[/]       : Initializing Spring embedded WebApplicationContext
2023-04-09 19:06:52.212  INFO 2192 --- [restartedMain] w.s.c.ServletWebServerApplicationContext : Root WebApplicationContext: initialization completed in 288 ms
2023-04-09 19:06:52.234  INFO 2192 --- [restartedMain] o.hibernate.jpa.internal.util.LogHelper  : HHH000204: Processing PersistenceUnitInfo [name: default]
2023-04-09 19:06:52.237  INFO 2192 --- [restartedMain] com.zaxxer.hikari.HikariDataSource       : HikariPool-11 - Starting...
2023-04-09 19:06:52.250  INFO 2192 --- [restartedMain] com.zaxxer.hikari.HikariDataSource       : HikariPool-11 - Start completed.
2023-04-09 19:06:52.250  INFO 2192 --- [restartedMain] org.hibernate.dialect.Dialect            : HHH000400: Using dialect: org.hibernate.dialect.MySQL8Dialect
2023-04-09 19:06:52.270  INFO 2192 --- [restartedMain] o.h.e.t.j.p.i.JtaPlatformInitiator       : HHH000490: Using JtaPlatform implementation: [org.hibernate.engine.transaction.jta.platform.internal.NoJtaPlatform]
2023-04-09 19:06:52.270  INFO 2192 --- [restartedMain] j.LocalContainerEntityManagerFactoryBean : Initialized JPA EntityManagerFactory for persistence unit 'default'
2023-04-09 19:06:52.328  WARN 2192 --- [restartedMain] JpaBaseConfiguration$JpaWebConfiguration : spring.jpa.open-in-view is enabled by default. Therefore, database queries may be performed during view rendering. Explicitly configure spring.jpa.open-in-view to disable this warning
2023-04-09 19:06:52.407  INFO 2192 --- [restartedMain] o.s.b.d.a.OptionalLiveReloadServer       : LiveReload server is running on port 35729
2023-04-09 19:06:52.418  INFO 2192 --- [restartedMain] o.s.b.w.embedded.tomcat.TomcatWebServer  : Tomcat started on port(s): 9090 (http) with context path ''
2023-04-09 19:06:52.423  INFO 2192 --- [restartedMain] com.blog.BlogApplication                 : Started BlogApplication in 0.52 seconds (JVM running for 1560.256)
2023-04-09 19:06:52.424  INFO 2192 --- [restartedMain] .ConditionEvaluationDeltaLoggingListener : Condition evaluation unchanged
2023-04-09 19:15:23.350  INFO 2192 --- [File Watcher] rtingClassPathChangeChangedEventListener : Restarting due to 1 class path change (0 additions, 0 deletions, 1 modification)
2023-04-09 19:15:23.674  INFO 2192 --- [Thread-45] o.apache.catalina.core.StandardService   : Stopping service [Tomcat]
2023-04-09 19:15:23.694  INFO 2192 --- [Thread-45] j.LocalContainerEntityManagerFactoryBean : Closing JPA EntityManagerFactory for persistence unit 'default'
2023-04-09 19:15:23.695  INFO 2192 --- [Thread-45] com.zaxxer.hikari.HikariDataSource       : HikariPool-11 - Shutdown initiated...
2023-04-09 19:15:23.701  INFO 2192 --- [Thread-45] com.zaxxer.hikari.HikariDataSource       : HikariPool-11 - Shutdown completed.
2023-04-09 19:15:24.167  INFO 2192 --- [restartedMain] com.blog.BlogApplication                 : Starting BlogApplication using Java 1.8.0_241 on LAPTOP-DOIHP4O0 with PID 2192 (C:\Users\Admin\Documents\workspace-spring-tool-suite-4-4.17.2.RELEASE\BlogApplication\target\classes started by Admin in C:\Users\Admin\Documents\workspace-spring-tool-suite-4-4.17.2.RELEASE\BlogApplication)
2023-04-09 19:15:24.167  INFO 2192 --- [restartedMain] com.blog.BlogApplication                 : No active profile set, falling back to 1 default profile: "default"
2023-04-09 19:15:24.550  INFO 2192 --- [restartedMain] .s.d.r.c.RepositoryConfigurationDelegate : Bootstrapping Spring Data JPA repositories in DEFAULT mode.
2023-04-09 19:15:24.577  INFO 2192 --- [restartedMain] .s.d.r.c.RepositoryConfigurationDelegate : Finished Spring Data repository scanning in 22 ms. Found 1 JPA repository interfaces.
2023-04-09 19:15:24.807  INFO 2192 --- [restartedMain] o.s.b.w.embedded.tomcat.TomcatWebServer  : Tomcat initialized with port(s): 9090 (http)
2023-04-09 19:15:24.813  INFO 2192 --- [restartedMain] o.apache.catalina.core.StandardService   : Starting service [Tomcat]
2023-04-09 19:15:24.813  INFO 2192 --- [restartedMain] org.apache.catalina.core.StandardEngine  : Starting Servlet engine: [Apache Tomcat/9.0.73]
2023-04-09 19:15:24.844  INFO 2192 --- [restartedMain] o.a.c.c.C.[Tomcat].[localhost].[/]       : Initializing Spring embedded WebApplicationContext
2023-04-09 19:15:24.844  INFO 2192 --- [restartedMain] w.s.c.ServletWebServerApplicationContext : Root WebApplicationContext: initialization completed in 667 ms
2023-04-09 19:15:24.897  INFO 2192 --- [restartedMain] o.hibernate.jpa.internal.util.LogHelper  : HHH000204: Processing PersistenceUnitInfo [name: default]
2023-04-09 19:15:24.902  INFO 2192 --- [restartedMain] com.zaxxer.hikari.HikariDataSource       : HikariPool-12 - Starting...
2023-04-09 19:15:24.928  INFO 2192 --- [restartedMain] com.zaxxer.hikari.HikariDataSource       : HikariPool-12 - Start completed.
2023-04-09 19:15:24.928  INFO 2192 --- [restartedMain] org.hibernate.dialect.Dialect            : HHH000400: Using dialect: org.hibernate.dialect.MySQL8Dialect
2023-04-09 19:15:24.967  INFO 2192 --- [restartedMain] o.h.e.t.j.p.i.JtaPlatformInitiator       : HHH000490: Using JtaPlatform implementation: [org.hibernate.engine.transaction.jta.platform.internal.NoJtaPlatform]
2023-04-09 19:15:24.969  INFO 2192 --- [restartedMain] j.LocalContainerEntityManagerFactoryBean : Initialized JPA EntityManagerFactory for persistence unit 'default'
2023-04-09 19:15:25.074  WARN 2192 --- [restartedMain] JpaBaseConfiguration$JpaWebConfiguration : spring.jpa.open-in-view is enabled by default. Therefore, database queries may be performed during view rendering. Explicitly configure spring.jpa.open-in-view to disable this warning
2023-04-09 19:15:25.244  INFO 2192 --- [restartedMain] o.s.b.d.a.OptionalLiveReloadServer       : LiveReload server is running on port 35729
2023-04-09 19:15:25.267  INFO 2192 --- [restartedMain] o.s.b.w.embedded.tomcat.TomcatWebServer  : Tomcat started on port(s): 9090 (http) with context path ''
2023-04-09 19:15:25.277  INFO 2192 --- [restartedMain] com.blog.BlogApplication                 : Started BlogApplication in 1.168 seconds (JVM running for 2073.114)
2023-04-09 19:15:25.282  INFO 2192 --- [restartedMain] .ConditionEvaluationDeltaLoggingListener : Condition evaluation unchanged
2023-04-09 19:15:33.851  INFO 2192 --- [File Watcher] rtingClassPathChangeChangedEventListener : Restarting due to 1 class path change (0 additions, 0 deletions, 1 modification)
2023-04-09 19:15:34.018  INFO 2192 --- [Thread-49] o.apache.catalina.core.StandardService   : Stopping service [Tomcat]
2023-04-09 19:15:34.030  INFO 2192 --- [Thread-49] j.LocalContainerEntityManagerFactoryBean : Closing JPA EntityManagerFactory for persistence unit 'default'
2023-04-09 19:15:34.031  INFO 2192 --- [Thread-49] com.zaxxer.hikari.HikariDataSource       : HikariPool-12 - Shutdown initiated...
2023-04-09 19:15:34.035  INFO 2192 --- [Thread-49] com.zaxxer.hikari.HikariDataSource       : HikariPool-12 - Shutdown completed.
2023-04-09 19:15:34.215  INFO 2192 --- [restartedMain] com.blog.BlogApplication                 : Starting BlogApplication using Java 1.8.0_241 on LAPTOP-DOIHP4O0 with PID 2192 (C:\Users\Admin\Documents\workspace-spring-tool-suite-4-4.17.2.RELEASE\BlogApplication\target\classes started by Admin in C:\Users\Admin\Documents\workspace-spring-tool-suite-4-4.17.2.RELEASE\BlogApplication)
2023-04-09 19:15:34.216  INFO 2192 --- [restartedMain] com.blog.BlogApplication                 : No active profile set, falling back to 1 default profile: "default"
2023-04-09 19:15:34.409  INFO 2192 --- [restartedMain] .s.d.r.c.RepositoryConfigurationDelegate : Bootstrapping Spring Data JPA repositories in DEFAULT mode.
2023-04-09 19:15:34.421  INFO 2192 --- [restartedMain] .s.d.r.c.RepositoryConfigurationDelegate : Finished Spring Data repository scanning in 11 ms. Found 1 JPA repository interfaces.
2023-04-09 19:15:34.487  INFO 2192 --- [restartedMain] o.s.b.w.embedded.tomcat.TomcatWebServer  : Tomcat initialized with port(s): 9090 (http)
2023-04-09 19:15:34.489  INFO 2192 --- [restartedMain] o.apache.catalina.core.StandardService   : Starting service [Tomcat]
2023-04-09 19:15:34.489  INFO 2192 --- [restartedMain] org.apache.catalina.core.StandardEngine  : Starting Servlet engine: [Apache Tomcat/9.0.73]
2023-04-09 19:15:34.507  INFO 2192 --- [restartedMain] o.a.c.c.C.[Tomcat].[localhost].[/]       : Initializing Spring embedded WebApplicationContext
2023-04-09 19:15:34.507  INFO 2192 --- [restartedMain] w.s.c.ServletWebServerApplicationContext : Root WebApplicationContext: initialization completed in 290 ms
2023-04-09 19:15:34.534  INFO 2192 --- [restartedMain] o.hibernate.jpa.internal.util.LogHelper  : HHH000204: Processing PersistenceUnitInfo [name: default]
2023-04-09 19:15:34.537  INFO 2192 --- [restartedMain] com.zaxxer.hikari.HikariDataSource       : HikariPool-13 - Starting...
2023-04-09 19:15:34.547  INFO 2192 --- [restartedMain] com.zaxxer.hikari.HikariDataSource       : HikariPool-13 - Start completed.
2023-04-09 19:15:34.548  INFO 2192 --- [restartedMain] org.hibernate.dialect.Dialect            : HHH000400: Using dialect: org.hibernate.dialect.MySQL8Dialect
2023-04-09 19:15:34.567  INFO 2192 --- [restartedMain] o.h.e.t.j.p.i.JtaPlatformInitiator       : HHH000490: Using JtaPlatform implementation: [org.hibernate.engine.transaction.jta.platform.internal.NoJtaPlatform]
2023-04-09 19:15:34.567  INFO 2192 --- [restartedMain] j.LocalContainerEntityManagerFactoryBean : Initialized JPA EntityManagerFactory for persistence unit 'default'
2023-04-09 19:15:34.670  WARN 2192 --- [restartedMain] JpaBaseConfiguration$JpaWebConfiguration : spring.jpa.open-in-view is enabled by default. Therefore, database queries may be performed during view rendering. Explicitly configure spring.jpa.open-in-view to disable this warning
2023-04-09 19:15:34.783  INFO 2192 --- [restartedMain] o.s.b.d.a.OptionalLiveReloadServer       : LiveReload server is running on port 35729
2023-04-09 19:15:34.796  INFO 2192 --- [restartedMain] o.s.b.w.embedded.tomcat.TomcatWebServer  : Tomcat started on port(s): 9090 (http) with context path ''
2023-04-09 19:15:34.801  INFO 2192 --- [restartedMain] com.blog.BlogApplication                 : Started BlogApplication in 0.612 seconds (JVM running for 2082.634)
2023-04-09 19:15:34.802  INFO 2192 --- [restartedMain] .ConditionEvaluationDeltaLoggingListener : Condition evaluation unchanged
2023-04-09 19:19:16.648  INFO 2192 --- [http-nio-9090-exec-1] o.a.c.c.C.[Tomcat].[localhost].[/]       : Initializing Spring DispatcherServlet 'dispatcherServlet'
2023-04-09 19:19:16.650  INFO 2192 --- [http-nio-9090-exec-1] o.s.web.servlet.DispatcherServlet        : Initializing Servlet 'dispatcherServlet'
2023-04-09 19:19:16.653  INFO 2192 --- [http-nio-9090-exec-1] o.s.web.servlet.DispatcherServlet        : Completed initialization in 2 ms
2023-04-09 19:20:17.371  INFO 2192 --- [File Watcher] rtingClassPathChangeChangedEventListener : Restarting due to 1 class path change (0 additions, 0 deletions, 1 modification)
2023-04-09 19:20:17.513  INFO 2192 --- [Thread-53] o.apache.catalina.core.StandardService   : Stopping service [Tomcat]
2023-04-09 19:20:17.515  INFO 2192 --- [Thread-53] o.a.c.c.C.[Tomcat].[localhost].[/]       : Destroying Spring FrameworkServlet 'dispatcherServlet'
2023-04-09 19:20:17.522  INFO 2192 --- [Thread-53] j.LocalContainerEntityManagerFactoryBean : Closing JPA EntityManagerFactory for persistence unit 'default'
2023-04-09 19:20:17.523  INFO 2192 --- [Thread-53] com.zaxxer.hikari.HikariDataSource       : HikariPool-13 - Shutdown initiated...
2023-04-09 19:20:17.526  INFO 2192 --- [Thread-53] com.zaxxer.hikari.HikariDataSource       : HikariPool-13 - Shutdown completed.
2023-04-09 19:20:17.744  INFO 2192 --- [restartedMain] com.blog.BlogApplication                 : Starting BlogApplication using Java 1.8.0_241 on LAPTOP-DOIHP4O0 with PID 2192 (C:\Users\Admin\Documents\workspace-spring-tool-suite-4-4.17.2.RELEASE\BlogApplication\target\classes started by Admin in C:\Users\Admin\Documents\workspace-spring-tool-suite-4-4.17.2.RELEASE\BlogApplication)
2023-04-09 19:20:17.745  INFO 2192 --- [restartedMain] com.blog.BlogApplication                 : No active profile set, falling back to 1 default profile: "default"
2023-04-09 19:20:17.921  INFO 2192 --- [restartedMain] .s.d.r.c.RepositoryConfigurationDelegate : Bootstrapping Spring Data JPA repositories in DEFAULT mode.
2023-04-09 19:20:17.929  INFO 2192 --- [restartedMain] .s.d.r.c.RepositoryConfigurationDelegate : Finished Spring Data repository scanning in 7 ms. Found 1 JPA repository interfaces.
2023-04-09 19:20:18.013  INFO 2192 --- [restartedMain] o.s.b.w.embedded.tomcat.TomcatWebServer  : Tomcat initialized with port(s): 9090 (http)
2023-04-09 19:20:18.013  INFO 2192 --- [restartedMain] o.apache.catalina.core.StandardService   : Starting service [Tomcat]
2023-04-09 19:20:18.013  INFO 2192 --- [restartedMain] org.apache.catalina.core.StandardEngine  : Starting Servlet engine: [Apache Tomcat/9.0.73]
2023-04-09 19:20:18.035  INFO 2192 --- [restartedMain] o.a.c.c.C.[Tomcat].[localhost].[/]       : Initializing Spring embedded WebApplicationContext
2023-04-09 19:20:18.035  INFO 2192 --- [restartedMain] w.s.c.ServletWebServerApplicationContext : Root WebApplicationContext: initialization completed in 288 ms
2023-04-09 19:20:18.057  INFO 2192 --- [restartedMain] o.hibernate.jpa.internal.util.LogHelper  : HHH000204: Processing PersistenceUnitInfo [name: default]
2023-04-09 19:20:18.060  INFO 2192 --- [restartedMain] com.zaxxer.hikari.HikariDataSource       : HikariPool-14 - Starting...
2023-04-09 19:20:18.072  INFO 2192 --- [restartedMain] com.zaxxer.hikari.HikariDataSource       : HikariPool-14 - Start completed.
2023-04-09 19:20:18.073  INFO 2192 --- [restartedMain] org.hibernate.dialect.Dialect            : HHH000400: Using dialect: org.hibernate.dialect.MySQL8Dialect
2023-04-09 19:20:18.096  INFO 2192 --- [restartedMain] o.h.e.t.j.p.i.JtaPlatformInitiator       : HHH000490: Using JtaPlatform implementation: [org.hibernate.engine.transaction.jta.platform.internal.NoJtaPlatform]
2023-04-09 19:20:18.096  INFO 2192 --- [restartedMain] j.LocalContainerEntityManagerFactoryBean : Initialized JPA EntityManagerFactory for persistence unit 'default'
2023-04-09 19:20:18.143  WARN 2192 --- [restartedMain] ConfigServletWebServerApplicationContext : Exception encountered during context initialization - cancelling refresh attempt: org.springframework.beans.factory.BeanCreationException: Error creating bean with name 'globalExceptionHandler' defined in file [C:\Users\Admin\Documents\workspace-spring-tool-suite-4-4.17.2.RELEASE\BlogApplication\target\classes\com\blog\exception\GlobalExceptionHandler.class]: Instantiation of bean failed; nested exception is org.springframework.beans.BeanInstantiationException: Failed to instantiate [com.blog.exception.GlobalExceptionHandler]: Constructor threw exception; nested exception is java.lang.Error: Unresolved compilation problems: 
	Syntax error, insert "Identifier (" to complete MethodHeaderName
	Syntax error, insert ")" to complete MethodDeclaration
	Syntax error, insert ";" to complete MethodDeclaration

2023-04-09 19:20:18.143  INFO 2192 --- [restartedMain] j.LocalContainerEntityManagerFactoryBean : Closing JPA EntityManagerFactory for persistence unit 'default'
2023-04-09 19:20:18.143  INFO 2192 --- [restartedMain] com.zaxxer.hikari.HikariDataSource       : HikariPool-14 - Shutdown initiated...
2023-04-09 19:20:18.144  INFO 2192 --- [restartedMain] com.zaxxer.hikari.HikariDataSource       : HikariPool-14 - Shutdown completed.
2023-04-09 19:20:18.144  INFO 2192 --- [restartedMain] o.apache.catalina.core.StandardService   : Stopping service [Tomcat]
2023-04-09 19:20:18.151  INFO 2192 --- [restartedMain] ConditionEvaluationReportLoggingListener : 

Error starting ApplicationContext. To display the conditions report re-run your application with 'debug' enabled.
2023-04-09 19:20:18.181 ERROR 2192 --- [restartedMain] o.s.boot.SpringApplication               : Application run failed

org.springframework.beans.factory.BeanCreationException: Error creating bean with name 'globalExceptionHandler' defined in file [C:\Users\Admin\Documents\workspace-spring-tool-suite-4-4.17.2.RELEASE\BlogApplication\target\classes\com\blog\exception\GlobalExceptionHandler.class]: Instantiation of bean failed; nested exception is org.springframework.beans.BeanInstantiationException: Failed to instantiate [com.blog.exception.GlobalExceptionHandler]: Constructor threw exception; nested exception is java.lang.Error: Unresolved compilation problems: 
	Syntax error, insert "Identifier (" to complete MethodHeaderName
	Syntax error, insert ")" to complete MethodDeclaration
	Syntax error, insert ";" to complete MethodDeclaration

	at org.springframework.beans.factory.support.AbstractAutowireCapableBeanFactory.instantiateBean(AbstractAutowireCapableBeanFactory.java:1334) ~[spring-beans-5.3.26.jar:5.3.26]
	at org.springframework.beans.factory.support.AbstractAutowireCapableBeanFactory.createBeanInstance(AbstractAutowireCapableBeanFactory.java:1232) ~[spring-beans-5.3.26.jar:5.3.26]
	at org.springframework.beans.factory.support.AbstractAutowireCapableBeanFactory.doCreateBean(AbstractAutowireCapableBeanFactory.java:582) ~[spring-beans-5.3.26.jar:5.3.26]
	at org.springframework.beans.factory.support.AbstractAutowireCapableBeanFactory.createBean(AbstractAutowireCapableBeanFactory.java:542) ~[spring-beans-5.3.26.jar:5.3.26]
	at org.springframework.beans.factory.support.AbstractBeanFactory.lambda$doGetBean$0(AbstractBeanFactory.java:335) ~[spring-beans-5.3.26.jar:5.3.26]
	at org.springframework.beans.factory.support.DefaultSingletonBeanRegistry.getSingleton(DefaultSingletonBeanRegistry.java:234) ~[spring-beans-5.3.26.jar:5.3.26]
	at org.springframework.beans.factory.support.AbstractBeanFactory.doGetBean(AbstractBeanFactory.java:333) ~[spring-beans-5.3.26.jar:5.3.26]
	at org.springframework.beans.factory.support.AbstractBeanFactory.getBean(AbstractBeanFactory.java:208) ~[spring-beans-5.3.26.jar:5.3.26]
	at org.springframework.beans.factory.support.DefaultListableBeanFactory.preInstantiateSingletons(DefaultListableBeanFactory.java:955) ~[spring-beans-5.3.26.jar:5.3.26]
	at org.springframework.context.support.AbstractApplicationContext.finishBeanFactoryInitialization(AbstractApplicationContext.java:920) ~[spring-context-5.3.26.jar:5.3.26]
	at org.springframework.context.support.AbstractApplicationContext.refresh(AbstractApplicationContext.java:583) ~[spring-context-5.3.26.jar:5.3.26]
	at org.springframework.boot.web.servlet.context.ServletWebServerApplicationContext.refresh(ServletWebServerApplicationContext.java:147) ~[spring-boot-2.7.10.jar:2.7.10]
	at org.springframework.boot.SpringApplication.refresh(SpringApplication.java:731) [spring-boot-2.7.10.jar:2.7.10]
	at org.springframework.boot.SpringApplication.refreshContext(SpringApplication.java:408) [spring-boot-2.7.10.jar:2.7.10]
	at org.springframework.boot.SpringApplication.run(SpringApplication.java:307) [spring-boot-2.7.10.jar:2.7.10]
	at org.springframework.boot.SpringApplication.run(SpringApplication.java:1303) [spring-boot-2.7.10.jar:2.7.10]
	at org.springframework.boot.SpringApplication.run(SpringApplication.java:1292) [spring-boot-2.7.10.jar:2.7.10]
	at com.blog.BlogApplication.main(BlogApplication.java:12) [classes/:na]
	at sun.reflect.NativeMethodAccessorImpl.invoke0(Native Method) ~[na:1.8.0_241]
	at sun.reflect.NativeMethodAccessorImpl.invoke(NativeMethodAccessorImpl.java:62) ~[na:1.8.0_241]
	at sun.reflect.DelegatingMethodAccessorImpl.invoke(DelegatingMethodAccessorImpl.java:43) ~[na:1.8.0_241]
	at java.lang.reflect.Method.invoke(Method.java:498) ~[na:1.8.0_241]
	at org.springframework.boot.devtools.restart.RestartLauncher.run(RestartLauncher.java:49) [spring-boot-devtools-2.7.10.jar:2.7.10]
Caused by: org.springframework.beans.BeanInstantiationException: Failed to instantiate [com.blog.exception.GlobalExceptionHandler]: Constructor threw exception; nested exception is java.lang.Error: Unresolved compilation problems: 
	Syntax error, insert "Identifier (" to complete MethodHeaderName
	Syntax error, insert ")" to complete MethodDeclaration
	Syntax error, insert ";" to complete MethodDeclaration

	at org.springframework.beans.BeanUtils.instantiateClass(BeanUtils.java:224) ~[spring-beans-5.3.26.jar:5.3.26]
	at org.springframework.beans.factory.support.SimpleInstantiationStrategy.instantiate(SimpleInstantiationStrategy.java:87) ~[spring-beans-5.3.26.jar:5.3.26]
	at org.springframework.beans.factory.support.AbstractAutowireCapableBeanFactory.instantiateBean(AbstractAutowireCapableBeanFactory.java:1326) ~[spring-beans-5.3.26.jar:5.3.26]
	... 22 common frames omitted
Caused by: java.lang.Error: Unresolved compilation problems: 
	Syntax error, insert "Identifier (" to complete MethodHeaderName
	Syntax error, insert ")" to complete MethodDeclaration
	Syntax error, insert ";" to complete MethodDeclaration

	at com.blog.exception.GlobalExceptionHandler.<init>(GlobalExceptionHandler.java:23) ~[classes/:na]
	at sun.reflect.NativeConstructorAccessorImpl.newInstance0(Native Method) ~[na:1.8.0_241]
	at sun.reflect.NativeConstructorAccessorImpl.newInstance(NativeConstructorAccessorImpl.java:62) ~[na:1.8.0_241]
	at sun.reflect.DelegatingConstructorAccessorImpl.newInstance(DelegatingConstructorAccessorImpl.java:45) ~[na:1.8.0_241]
	at java.lang.reflect.Constructor.newInstance(Constructor.java:423) ~[na:1.8.0_241]
	at org.springframework.beans.BeanUtils.instantiateClass(BeanUtils.java:211) ~[spring-beans-5.3.26.jar:5.3.26]
	... 24 common frames omitted

2023-04-09 19:20:26.892  INFO 2192 --- [restartedMain] com.blog.BlogApplication                 : Starting BlogApplication using Java 1.8.0_241 on LAPTOP-DOIHP4O0 with PID 2192 (C:\Users\Admin\Documents\workspace-spring-tool-suite-4-4.17.2.RELEASE\BlogApplication\target\classes started by Admin in C:\Users\Admin\Documents\workspace-spring-tool-suite-4-4.17.2.RELEASE\BlogApplication)
2023-04-09 19:20:26.893  INFO 2192 --- [restartedMain] com.blog.BlogApplication                 : No active profile set, falling back to 1 default profile: "default"
2023-04-09 19:20:27.022  INFO 2192 --- [restartedMain] .s.d.r.c.RepositoryConfigurationDelegate : Bootstrapping Spring Data JPA repositories in DEFAULT mode.
2023-04-09 19:20:27.030  INFO 2192 --- [restartedMain] .s.d.r.c.RepositoryConfigurationDelegate : Finished Spring Data repository scanning in 8 ms. Found 1 JPA repository interfaces.
2023-04-09 19:20:27.117  INFO 2192 --- [restartedMain] o.s.b.w.embedded.tomcat.TomcatWebServer  : Tomcat initialized with port(s): 9090 (http)
2023-04-09 19:20:27.117  INFO 2192 --- [restartedMain] o.apache.catalina.core.StandardService   : Starting service [Tomcat]
2023-04-09 19:20:27.117  INFO 2192 --- [restartedMain] org.apache.catalina.core.StandardEngine  : Starting Servlet engine: [Apache Tomcat/9.0.73]
2023-04-09 19:20:27.138  INFO 2192 --- [restartedMain] o.a.c.c.C.[Tomcat-1].[localhost].[/]     : Initializing Spring embedded WebApplicationContext
2023-04-09 19:20:27.139  INFO 2192 --- [restartedMain] w.s.c.ServletWebServerApplicationContext : Root WebApplicationContext: initialization completed in 243 ms
2023-04-09 19:20:27.163  INFO 2192 --- [restartedMain] o.hibernate.jpa.internal.util.LogHelper  : HHH000204: Processing PersistenceUnitInfo [name: default]
2023-04-09 19:20:27.166  INFO 2192 --- [restartedMain] com.zaxxer.hikari.HikariDataSource       : HikariPool-15 - Starting...
2023-04-09 19:20:27.176  INFO 2192 --- [restartedMain] com.zaxxer.hikari.HikariDataSource       : HikariPool-15 - Start completed.
2023-04-09 19:20:27.177  INFO 2192 --- [restartedMain] org.hibernate.dialect.Dialect            : HHH000400: Using dialect: org.hibernate.dialect.MySQL8Dialect
2023-04-09 19:20:27.197  INFO 2192 --- [restartedMain] o.h.e.t.j.p.i.JtaPlatformInitiator       : HHH000490: Using JtaPlatform implementation: [org.hibernate.engine.transaction.jta.platform.internal.NoJtaPlatform]
2023-04-09 19:20:27.197  INFO 2192 --- [restartedMain] j.LocalContainerEntityManagerFactoryBean : Initialized JPA EntityManagerFactory for persistence unit 'default'
2023-04-09 19:20:27.254  WARN 2192 --- [restartedMain] JpaBaseConfiguration$JpaWebConfiguration : spring.jpa.open-in-view is enabled by default. Therefore, database queries may be performed during view rendering. Explicitly configure spring.jpa.open-in-view to disable this warning
2023-04-09 19:20:27.339  INFO 2192 --- [restartedMain] o.s.b.d.a.OptionalLiveReloadServer       : LiveReload server is running on port 35729
2023-04-09 19:20:27.350  INFO 2192 --- [restartedMain] o.s.b.w.embedded.tomcat.TomcatWebServer  : Tomcat started on port(s): 9090 (http) with context path ''
2023-04-09 19:20:27.355  INFO 2192 --- [restartedMain] com.blog.BlogApplication                 : Started BlogApplication in 0.509 seconds (JVM running for 2375.189)
2023-04-09 19:20:27.357  INFO 2192 --- [restartedMain] .ConditionEvaluationDeltaLoggingListener : Condition evaluation unchanged
2023-04-09 19:21:05.379  INFO 2192 --- [http-nio-9090-exec-2] o.a.c.c.C.[Tomcat-1].[localhost].[/]     : Initializing Spring DispatcherServlet 'dispatcherServlet'
2023-04-09 19:21:05.380  INFO 2192 --- [http-nio-9090-exec-2] o.s.web.servlet.DispatcherServlet        : Initializing Servlet 'dispatcherServlet'
2023-04-09 19:21:05.384  INFO 2192 --- [http-nio-9090-exec-2] o.s.web.servlet.DispatcherServlet        : Completed initialization in 3 ms
2023-04-09 19:21:47.021  INFO 2192 --- [RMI TCP Connection(44)-127.0.0.1] inMXBeanRegistrar$SpringApplicationAdmin : Application shutdown requested.
2023-04-09 19:21:47.307  INFO 2192 --- [RMI TCP Connection(44)-127.0.0.1] o.apache.catalina.core.StandardService   : Stopping service [Tomcat]
2023-04-09 19:21:47.310  INFO 2192 --- [RMI TCP Connection(44)-127.0.0.1] o.a.c.c.C.[Tomcat-1].[localhost].[/]     : Destroying Spring FrameworkServlet 'dispatcherServlet'
2023-04-09 19:21:47.323  INFO 2192 --- [RMI TCP Connection(44)-127.0.0.1] j.LocalContainerEntityManagerFactoryBean : Closing JPA EntityManagerFactory for persistence unit 'default'
2023-04-09 19:21:47.323  INFO 2192 --- [RMI TCP Connection(44)-127.0.0.1] com.zaxxer.hikari.HikariDataSource       : HikariPool-15 - Shutdown initiated...
2023-04-09 19:21:47.328  INFO 2192 --- [RMI TCP Connection(44)-127.0.0.1] com.zaxxer.hikari.HikariDataSource       : HikariPool-15 - Shutdown completed.
2023-04-09 19:21:49.824  INFO 17588 --- [restartedMain] com.blog.BlogApplication                 : Starting BlogApplication using Java 1.8.0_241 on LAPTOP-DOIHP4O0 with PID 17588 (C:\Users\Admin\Documents\workspace-spring-tool-suite-4-4.17.2.RELEASE\BlogApplication\target\classes started by Admin in C:\Users\Admin\Documents\workspace-spring-tool-suite-4-4.17.2.RELEASE\BlogApplication)
2023-04-09 19:21:49.827  INFO 17588 --- [restartedMain] com.blog.BlogApplication                 : No active profile set, falling back to 1 default profile: "default"
2023-04-09 19:21:49.911  INFO 17588 --- [restartedMain] .e.DevToolsPropertyDefaultsPostProcessor : Devtools property defaults active! Set 'spring.devtools.add-properties' to 'false' to disable
2023-04-09 19:21:49.911  INFO 17588 --- [restartedMain] .e.DevToolsPropertyDefaultsPostProcessor : For additional web related logging consider setting the 'logging.level.web' property to 'DEBUG'
2023-04-09 19:21:50.913  INFO 17588 --- [restartedMain] .s.d.r.c.RepositoryConfigurationDelegate : Bootstrapping Spring Data JPA repositories in DEFAULT mode.
2023-04-09 19:21:50.978  INFO 17588 --- [restartedMain] .s.d.r.c.RepositoryConfigurationDelegate : Finished Spring Data repository scanning in 46 ms. Found 1 JPA repository interfaces.
2023-04-09 19:21:51.763  INFO 17588 --- [restartedMain] o.s.b.w.embedded.tomcat.TomcatWebServer  : Tomcat initialized with port(s): 9090 (http)
2023-04-09 19:21:51.775  INFO 17588 --- [restartedMain] o.apache.catalina.core.StandardService   : Starting service [Tomcat]
2023-04-09 19:21:51.777  INFO 17588 --- [restartedMain] org.apache.catalina.core.StandardEngine  : Starting Servlet engine: [Apache Tomcat/9.0.73]
2023-04-09 19:21:52.215  INFO 17588 --- [restartedMain] o.a.c.c.C.[Tomcat].[localhost].[/]       : Initializing Spring embedded WebApplicationContext
2023-04-09 19:21:52.217  INFO 17588 --- [restartedMain] w.s.c.ServletWebServerApplicationContext : Root WebApplicationContext: initialization completed in 2306 ms
2023-04-09 19:21:52.470  INFO 17588 --- [restartedMain] o.hibernate.jpa.internal.util.LogHelper  : HHH000204: Processing PersistenceUnitInfo [name: default]
2023-04-09 19:21:52.541  INFO 17588 --- [restartedMain] org.hibernate.Version                    : HHH000412: Hibernate ORM core version 5.6.15.Final
2023-04-09 19:21:52.757  INFO 17588 --- [restartedMain] o.hibernate.annotations.common.Version   : HCANN000001: Hibernate Commons Annotations {5.1.2.Final}
2023-04-09 19:21:52.897  INFO 17588 --- [restartedMain] com.zaxxer.hikari.HikariDataSource       : HikariPool-1 - Starting...
2023-04-09 19:21:53.535  INFO 17588 --- [restartedMain] com.zaxxer.hikari.HikariDataSource       : HikariPool-1 - Start completed.
2023-04-09 19:21:53.569  INFO 17588 --- [restartedMain] org.hibernate.dialect.Dialect            : HHH000400: Using dialect: org.hibernate.dialect.MySQL8Dialect
2023-04-09 19:21:54.603  INFO 17588 --- [restartedMain] o.h.e.t.j.p.i.JtaPlatformInitiator       : HHH000490: Using JtaPlatform implementation: [org.hibernate.engine.transaction.jta.platform.internal.NoJtaPlatform]
2023-04-09 19:21:54.618  INFO 17588 --- [restartedMain] j.LocalContainerEntityManagerFactoryBean : Initialized JPA EntityManagerFactory for persistence unit 'default'
2023-04-09 19:21:55.065  WARN 17588 --- [restartedMain] JpaBaseConfiguration$JpaWebConfiguration : spring.jpa.open-in-view is enabled by default. Therefore, database queries may be performed during view rendering. Explicitly configure spring.jpa.open-in-view to disable this warning
2023-04-09 19:21:55.869  INFO 17588 --- [restartedMain] o.s.b.d.a.OptionalLiveReloadServer       : LiveReload server is running on port 35729
2023-04-09 19:21:55.950  INFO 17588 --- [restartedMain] o.s.b.w.embedded.tomcat.TomcatWebServer  : Tomcat started on port(s): 9090 (http) with context path ''
2023-04-09 19:21:55.974  INFO 17588 --- [restartedMain] com.blog.BlogApplication                 : Started BlogApplication in 6.543 seconds (JVM running for 7.689)
2023-04-09 19:23:19.888  INFO 17588 --- [http-nio-9090-exec-2] o.a.c.c.C.[Tomcat].[localhost].[/]       : Initializing Spring DispatcherServlet 'dispatcherServlet'
2023-04-09 19:23:19.889  INFO 17588 --- [http-nio-9090-exec-2] o.s.web.servlet.DispatcherServlet        : Initializing Servlet 'dispatcherServlet'
2023-04-09 19:23:19.890  INFO 17588 --- [http-nio-9090-exec-2] o.s.web.servlet.DispatcherServlet        : Completed initialization in 1 ms
2023-04-09 19:23:20.167  WARN 17588 --- [http-nio-9090-exec-2] .w.s.m.s.DefaultHandlerExceptionResolver : Resolved [org.springframework.web.bind.MethodArgumentNotValidException: Validation failed for argument [0] in public org.springframework.http.ResponseEntity<com.blog.payloads.UserDto> com.blog.controller.UserController.createUser(com.blog.payloads.UserDto): [Field error in object 'userDto' on field 'password': rejected value [m]; codes [Size.userDto.password,Size.password,Size.java.lang.String,Size]; arguments [org.springframework.context.support.DefaultMessageSourceResolvable: codes [userDto.password,password]; arguments []; default message [password],10,3]; default message [Password must be minimum of 3 chars and maximum of 10 chars..!!]] ]
2023-04-09 20:12:19.756  INFO 17588 --- [File Watcher] rtingClassPathChangeChangedEventListener : Restarting due to 1 class path change (0 additions, 0 deletions, 1 modification)
2023-04-09 20:12:19.849  INFO 17588 --- [Thread-7] o.apache.catalina.core.StandardService   : Stopping service [Tomcat]
2023-04-09 20:12:19.851  INFO 17588 --- [Thread-7] o.a.c.c.C.[Tomcat].[localhost].[/]       : Destroying Spring FrameworkServlet 'dispatcherServlet'
2023-04-09 20:12:19.862  INFO 17588 --- [Thread-7] j.LocalContainerEntityManagerFactoryBean : Closing JPA EntityManagerFactory for persistence unit 'default'
2023-04-09 20:12:19.866  INFO 17588 --- [Thread-7] com.zaxxer.hikari.HikariDataSource       : HikariPool-1 - Shutdown initiated...
2023-04-09 20:12:19.870  INFO 17588 --- [Thread-7] com.zaxxer.hikari.HikariDataSource       : HikariPool-1 - Shutdown completed.
2023-04-09 20:12:19.999  INFO 17588 --- [restartedMain] com.blog.BlogApplication                 : Starting BlogApplication using Java 1.8.0_241 on LAPTOP-DOIHP4O0 with PID 17588 (C:\Users\Admin\Documents\workspace-spring-tool-suite-4-4.17.2.RELEASE\BlogApplication\target\classes started by Admin in C:\Users\Admin\Documents\workspace-spring-tool-suite-4-4.17.2.RELEASE\BlogApplication)
2023-04-09 20:12:19.999  INFO 17588 --- [restartedMain] com.blog.BlogApplication                 : No active profile set, falling back to 1 default profile: "default"
2023-04-09 20:12:20.130  INFO 17588 --- [restartedMain] .s.d.r.c.RepositoryConfigurationDelegate : Bootstrapping Spring Data JPA repositories in DEFAULT mode.
2023-04-09 20:12:20.138  INFO 17588 --- [restartedMain] .s.d.r.c.RepositoryConfigurationDelegate : Finished Spring Data repository scanning in 8 ms. Found 1 JPA repository interfaces.
2023-04-09 20:12:20.233  INFO 17588 --- [restartedMain] o.s.b.w.embedded.tomcat.TomcatWebServer  : Tomcat initialized with port(s): 9090 (http)
2023-04-09 20:12:20.234  INFO 17588 --- [restartedMain] o.apache.catalina.core.StandardService   : Starting service [Tomcat]
2023-04-09 20:12:20.234  INFO 17588 --- [restartedMain] org.apache.catalina.core.StandardEngine  : Starting Servlet engine: [Apache Tomcat/9.0.73]
2023-04-09 20:12:20.243  INFO 17588 --- [restartedMain] o.a.c.c.C.[Tomcat].[localhost].[/]       : Initializing Spring embedded WebApplicationContext
2023-04-09 20:12:20.243  INFO 17588 --- [restartedMain] w.s.c.ServletWebServerApplicationContext : Root WebApplicationContext: initialization completed in 242 ms
2023-04-09 20:12:20.266  INFO 17588 --- [restartedMain] o.hibernate.jpa.internal.util.LogHelper  : HHH000204: Processing PersistenceUnitInfo [name: default]
2023-04-09 20:12:20.269  INFO 17588 --- [restartedMain] com.zaxxer.hikari.HikariDataSource       : HikariPool-2 - Starting...
2023-04-09 20:12:20.281  INFO 17588 --- [restartedMain] com.zaxxer.hikari.HikariDataSource       : HikariPool-2 - Start completed.
2023-04-09 20:12:20.281  INFO 17588 --- [restartedMain] org.hibernate.dialect.Dialect            : HHH000400: Using dialect: org.hibernate.dialect.MySQL8Dialect
2023-04-09 20:12:20.309  INFO 17588 --- [restartedMain] o.h.e.t.j.p.i.JtaPlatformInitiator       : HHH000490: Using JtaPlatform implementation: [org.hibernate.engine.transaction.jta.platform.internal.NoJtaPlatform]
2023-04-09 20:12:20.309  INFO 17588 --- [restartedMain] j.LocalContainerEntityManagerFactoryBean : Initialized JPA EntityManagerFactory for persistence unit 'default'
2023-04-09 20:12:20.362  WARN 17588 --- [restartedMain] JpaBaseConfiguration$JpaWebConfiguration : spring.jpa.open-in-view is enabled by default. Therefore, database queries may be performed during view rendering. Explicitly configure spring.jpa.open-in-view to disable this warning
2023-04-09 20:12:20.440  INFO 17588 --- [restartedMain] o.s.b.d.a.OptionalLiveReloadServer       : LiveReload server is running on port 35729
2023-04-09 20:12:20.450  INFO 17588 --- [restartedMain] o.s.b.w.embedded.tomcat.TomcatWebServer  : Tomcat started on port(s): 9090 (http) with context path ''
2023-04-09 20:12:20.454  INFO 17588 --- [restartedMain] com.blog.BlogApplication                 : Started BlogApplication in 0.479 seconds (JVM running for 3034.157)
2023-04-09 20:12:20.456  INFO 17588 --- [restartedMain] .ConditionEvaluationDeltaLoggingListener : Condition evaluation unchanged
2023-04-09 20:13:11.648  INFO 17588 --- [http-nio-9090-exec-2] o.a.c.c.C.[Tomcat].[localhost].[/]       : Initializing Spring DispatcherServlet 'dispatcherServlet'
2023-04-09 20:13:11.648  INFO 17588 --- [http-nio-9090-exec-2] o.s.web.servlet.DispatcherServlet        : Initializing Servlet 'dispatcherServlet'
2023-04-09 20:13:11.649  INFO 17588 --- [http-nio-9090-exec-2] o.s.web.servlet.DispatcherServlet        : Completed initialization in 1 ms
2023-04-09 20:13:11.664  WARN 17588 --- [http-nio-9090-exec-2] .m.m.a.ExceptionHandlerExceptionResolver : Resolved [org.springframework.web.bind.MethodArgumentNotValidException: Validation failed for argument [0] in public org.springframework.http.ResponseEntity<com.blog.payloads.UserDto> com.blog.controller.UserController.createUser(com.blog.payloads.UserDto): [Field error in object 'userDto' on field 'password': rejected value [m]; codes [Size.userDto.password,Size.password,Size.java.lang.String,Size]; arguments [org.springframework.context.support.DefaultMessageSourceResolvable: codes [userDto.password,password]; arguments []; default message [password],10,3]; default message [Password must be minimum of 3 chars and maximum of 10 chars..!!]] ]
2023-04-09 20:13:20.577  WARN 17588 --- [http-nio-9090-exec-4] .m.m.a.ExceptionHandlerExceptionResolver : Resolved [org.springframework.web.bind.MethodArgumentNotValidException: Validation failed for argument [0] in public org.springframework.http.ResponseEntity<com.blog.payloads.UserDto> com.blog.controller.UserController.createUser(com.blog.payloads.UserDto) with 2 errors: [Field error in object 'userDto' on field 'password': rejected value []; codes [Size.userDto.password,Size.password,Size.java.lang.String,Size]; arguments [org.springframework.context.support.DefaultMessageSourceResolvable: codes [userDto.password,password]; arguments []; default message [password],10,3]; default message [Password must be minimum of 3 chars and maximum of 10 chars..!!]] [Field error in object 'userDto' on field 'password': rejected value []; codes [NotEmpty.userDto.password,NotEmpty.password,NotEmpty.java.lang.String,NotEmpty]; arguments [org.springframework.context.support.DefaultMessageSourceResolvable: codes [userDto.password,password]; arguments []; default message [password]]; default message [must not be empty]] ]
2023-04-09 20:13:30.880  WARN 17588 --- [http-nio-9090-exec-6] .m.m.a.ExceptionHandlerExceptionResolver : Resolved [org.springframework.web.bind.MethodArgumentNotValidException: Validation failed for argument [0] in public org.springframework.http.ResponseEntity<com.blog.payloads.UserDto> com.blog.controller.UserController.createUser(com.blog.payloads.UserDto) with 3 errors: [Field error in object 'userDto' on field 'password': rejected value []; codes [Size.userDto.password,Size.password,Size.java.lang.String,Size]; arguments [org.springframework.context.support.DefaultMessageSourceResolvable: codes [userDto.password,password]; arguments []; default message [password],10,3]; default message [Password must be minimum of 3 chars and maximum of 10 chars..!!]] [Field error in object 'userDto' on field 'email': rejected value [guptaAgmail.com]; codes [Email.userDto.email,Email.email,Email.java.lang.String,Email]; arguments [org.springframework.context.support.DefaultMessageSourceResolvable: codes [userDto.email,email]; arguments []; default message [email],[Ljavax.validation.constraints.Pattern$Flag;@35859b26,.*]; default message [Email address not valid..!!]] [Field error in object 'userDto' on field 'password': rejected value []; codes [NotEmpty.userDto.password,NotEmpty.password,NotEmpty.java.lang.String,NotEmpty]; arguments [org.springframework.context.support.DefaultMessageSourceResolvable: codes [userDto.password,password]; arguments []; default message [password]]; default message [must not be empty]] ]
